{"/home/runner/work/TouchGrass/TouchGrass/src/components/EditLocationSheet.tsx": {"path":"/home/runner/work/TouchGrass/TouchGrass/src/components/EditLocationSheet.tsx","statementMap":{"0":{"start":{"line":18,"column":28},"end":{"line":18,"column":40}},"1":{"start":{"line":19,"column":42},"end":{"line":19,"column":57}},"2":{"start":{"line":20,"column":34},"end":{"line":20,"column":48}},"3":{"start":{"line":22,"column":2},"end":{"line":32,"column":17}},"4":{"start":{"line":23,"column":4},"end":{"line":31,"column":5}},"5":{"start":{"line":24,"column":6},"end":{"line":24,"column":31}},"6":{"start":{"line":25,"column":6},"end":{"line":25,"column":56}},"7":{"start":{"line":26,"column":6},"end":{"line":26,"column":37}},"8":{"start":{"line":28,"column":6},"end":{"line":28,"column":19}},"9":{"start":{"line":29,"column":6},"end":{"line":29,"column":29}},"10":{"start":{"line":30,"column":6},"end":{"line":30,"column":24}},"11":{"start":{"line":34,"column":21},"end":{"line":60,"column":3}},"12":{"start":{"line":35,"column":4},"end":{"line":35,"column":26}},"13":{"start":{"line":35,"column":19},"end":{"line":35,"column":26}},"14":{"start":{"line":37,"column":19},"end":{"line":37,"column":45}},"15":{"start":{"line":38,"column":4},"end":{"line":41,"column":5}},"16":{"start":{"line":39,"column":6},"end":{"line":39,"column":82}},"17":{"start":{"line":40,"column":6},"end":{"line":40,"column":13}},"18":{"start":{"line":42,"column":4},"end":{"line":45,"column":5}},"19":{"start":{"line":43,"column":6},"end":{"line":43,"column":83}},"20":{"start":{"line":44,"column":6},"end":{"line":44,"column":13}},"21":{"start":{"line":47,"column":4},"end":{"line":59,"column":5}},"22":{"start":{"line":48,"column":6},"end":{"line":53,"column":9}},"23":{"start":{"line":54,"column":6},"end":{"line":54,"column":15}},"24":{"start":{"line":55,"column":6},"end":{"line":55,"column":16}},"25":{"start":{"line":57,"column":6},"end":{"line":57,"column":53}},"26":{"start":{"line":58,"column":6},"end":{"line":58,"column":81}},"27":{"start":{"line":62,"column":23},"end":{"line":87,"column":3}},"28":{"start":{"line":63,"column":4},"end":{"line":63,"column":30}},"29":{"start":{"line":63,"column":23},"end":{"line":63,"column":30}},"30":{"start":{"line":65,"column":4},"end":{"line":86,"column":6}},"31":{"start":{"line":74,"column":12},"end":{"line":74,"column":37}},"32":{"start":{"line":74,"column":30},"end":{"line":74,"column":37}},"33":{"start":{"line":75,"column":12},"end":{"line":82,"column":13}},"34":{"start":{"line":76,"column":14},"end":{"line":76,"column":47}},"35":{"start":{"line":77,"column":14},"end":{"line":77,"column":23}},"36":{"start":{"line":78,"column":14},"end":{"line":78,"column":24}},"37":{"start":{"line":80,"column":14},"end":{"line":80,"column":63}},"38":{"start":{"line":81,"column":14},"end":{"line":81,"column":91}},"39":{"start":{"line":89,"column":2},"end":{"line":89,"column":29}},"40":{"start":{"line":89,"column":17},"end":{"line":89,"column":29}},"41":{"start":{"line":91,"column":2},"end":{"line":171,"column":4}},"42":{"start":{"line":145,"column":31},"end":{"line":145,"column":48}},"43":{"start":{"line":153,"column":31},"end":{"line":153,"column":49}},"44":{"start":{"line":174,"column":15},"end":{"line":243,"column":2}}},"fnMap":{"0":{"name":"EditLocationSheet","decl":{"start":{"line":17,"column":24},"end":{"line":17,"column":41}},"loc":{"start":{"line":17,"column":89},"end":{"line":172,"column":1}},"line":17},"1":{"name":"(anonymous_1)","decl":{"start":{"line":22,"column":12},"end":{"line":22,"column":13}},"loc":{"start":{"line":22,"column":18},"end":{"line":32,"column":3}},"line":22},"2":{"name":"(anonymous_2)","decl":{"start":{"line":34,"column":21},"end":{"line":34,"column":22}},"loc":{"start":{"line":34,"column":27},"end":{"line":60,"column":3}},"line":34},"3":{"name":"(anonymous_3)","decl":{"start":{"line":62,"column":23},"end":{"line":62,"column":24}},"loc":{"start":{"line":62,"column":29},"end":{"line":87,"column":3}},"line":62},"4":{"name":"(anonymous_4)","decl":{"start":{"line":73,"column":19},"end":{"line":73,"column":20}},"loc":{"start":{"line":73,"column":25},"end":{"line":83,"column":11}},"line":73},"5":{"name":"(anonymous_5)","decl":{"start":{"line":145,"column":25},"end":{"line":145,"column":26}},"loc":{"start":{"line":145,"column":31},"end":{"line":145,"column":48}},"line":145},"6":{"name":"(anonymous_6)","decl":{"start":{"line":153,"column":25},"end":{"line":153,"column":26}},"loc":{"start":{"line":153,"column":31},"end":{"line":153,"column":49}},"line":153}},"branchMap":{"0":{"loc":{"start":{"line":23,"column":4},"end":{"line":31,"column":5}},"type":"if","locations":[{"start":{"line":23,"column":4},"end":{"line":31,"column":5}},{"start":{"line":27,"column":11},"end":{"line":31,"column":5}}],"line":23},"1":{"loc":{"start":{"line":35,"column":4},"end":{"line":35,"column":26}},"type":"if","locations":[{"start":{"line":35,"column":4},"end":{"line":35,"column":26}},{"start":{},"end":{}}],"line":35},"2":{"loc":{"start":{"line":38,"column":4},"end":{"line":41,"column":5}},"type":"if","locations":[{"start":{"line":38,"column":4},"end":{"line":41,"column":5}},{"start":{},"end":{}}],"line":38},"3":{"loc":{"start":{"line":42,"column":4},"end":{"line":45,"column":5}},"type":"if","locations":[{"start":{"line":42,"column":4},"end":{"line":45,"column":5}},{"start":{},"end":{}}],"line":42},"4":{"loc":{"start":{"line":42,"column":8},"end":{"line":42,"column":53}},"type":"binary-expr","locations":[{"start":{"line":42,"column":8},"end":{"line":42,"column":21}},{"start":{"line":42,"column":25},"end":{"line":42,"column":36}},{"start":{"line":42,"column":40},"end":{"line":42,"column":53}}],"line":42},"5":{"loc":{"start":{"line":63,"column":4},"end":{"line":63,"column":30}},"type":"if","locations":[{"start":{"line":63,"column":4},"end":{"line":63,"column":30}},{"start":{},"end":{}}],"line":63},"6":{"loc":{"start":{"line":74,"column":12},"end":{"line":74,"column":37}},"type":"if","locations":[{"start":{"line":74,"column":12},"end":{"line":74,"column":37}},{"start":{},"end":{}}],"line":74},"7":{"loc":{"start":{"line":89,"column":2},"end":{"line":89,"column":29}},"type":"if","locations":[{"start":{"line":89,"column":2},"end":{"line":89,"column":29}},{"start":{},"end":{}}],"line":89},"8":{"loc":{"start":{"line":144,"column":42},"end":{"line":144,"column":76}},"type":"binary-expr","locations":[{"start":{"line":144,"column":42},"end":{"line":144,"column":50}},{"start":{"line":144,"column":54},"end":{"line":144,"column":76}}],"line":144},"9":{"loc":{"start":{"line":147,"column":49},"end":{"line":147,"column":84}},"type":"binary-expr","locations":[{"start":{"line":147,"column":49},"end":{"line":147,"column":57}},{"start":{"line":147,"column":61},"end":{"line":147,"column":84}}],"line":147},"10":{"loc":{"start":{"line":152,"column":42},"end":{"line":152,"column":77}},"type":"binary-expr","locations":[{"start":{"line":152,"column":42},"end":{"line":152,"column":51}},{"start":{"line":152,"column":55},"end":{"line":152,"column":77}}],"line":152},"11":{"loc":{"start":{"line":155,"column":49},"end":{"line":155,"column":85}},"type":"binary-expr","locations":[{"start":{"line":155,"column":49},"end":{"line":155,"column":58}},{"start":{"line":155,"column":62},"end":{"line":155,"column":85}}],"line":155}},"s":{"0":0,"1":0,"2":0,"3":0,"4":0,"5":0,"6":0,"7":0,"8":0,"9":0,"10":0,"11":0,"12":0,"13":0,"14":0,"15":0,"16":0,"17":0,"18":0,"19":0,"20":0,"21":0,"22":0,"23":0,"24":0,"25":0,"26":0,"27":0,"28":0,"29":0,"30":0,"31":0,"32":0,"33":0,"34":0,"35":0,"36":0,"37":0,"38":0,"39":0,"40":0,"41":0,"42":0,"43":0,"44":0},"f":{"0":0,"1":0,"2":0,"3":0,"4":0,"5":0,"6":0},"b":{"0":[0,0],"1":[0,0],"2":[0,0],"3":[0,0],"4":[0,0,0],"5":[0,0],"6":[0,0],"7":[0,0],"8":[0,0],"9":[0,0],"10":[0,0],"11":[0,0]}}
,"/home/runner/work/TouchGrass/TouchGrass/src/components/ManualSessionSheet.tsx": {"path":"/home/runner/work/TouchGrass/TouchGrass/src/components/ManualSessionSheet.tsx","statementMap":{"0":{"start":{"line":19,"column":25},"end":{"line":19,"column":49}},"1":{"start":{"line":22,"column":24},"end":{"line":22,"column":44}},"2":{"start":{"line":25,"column":48},"end":{"line":25,"column":60}},"3":{"start":{"line":26,"column":46},"end":{"line":26,"column":58}},"4":{"start":{"line":27,"column":36},"end":{"line":27,"column":51}},"5":{"start":{"line":28,"column":40},"end":{"line":28,"column":51}},"6":{"start":{"line":31,"column":42},"end":{"line":31,"column":57}},"7":{"start":{"line":32,"column":46},"end":{"line":32,"column":65}},"8":{"start":{"line":33,"column":42},"end":{"line":33,"column":53}},"9":{"start":{"line":34,"column":23},"end":{"line":34,"column":56}},"10":{"start":{"line":35,"column":27},"end":{"line":35,"column":78}},"11":{"start":{"line":38,"column":2},"end":{"line":46,"column":16}},"12":{"start":{"line":39,"column":4},"end":{"line":45,"column":5}},"13":{"start":{"line":40,"column":6},"end":{"line":40,"column":20}},"14":{"start":{"line":41,"column":6},"end":{"line":41,"column":29}},"15":{"start":{"line":42,"column":6},"end":{"line":42,"column":28}},"16":{"start":{"line":43,"column":6},"end":{"line":43,"column":26}},"17":{"start":{"line":44,"column":6},"end":{"line":44,"column":24}},"18":{"start":{"line":49,"column":2},"end":{"line":61,"column":37}},"19":{"start":{"line":50,"column":4},"end":{"line":57,"column":5}},"20":{"start":{"line":51,"column":6},"end":{"line":54,"column":15}},"21":{"start":{"line":52,"column":24},"end":{"line":52,"column":72}},"22":{"start":{"line":53,"column":8},"end":{"line":53,"column":33}},"23":{"start":{"line":56,"column":6},"end":{"line":56,"column":76}},"24":{"start":{"line":56,"column":36},"end":{"line":56,"column":76}},"25":{"start":{"line":58,"column":4},"end":{"line":60,"column":6}},"26":{"start":{"line":59,"column":6},"end":{"line":59,"column":76}},"27":{"start":{"line":59,"column":36},"end":{"line":59,"column":76}},"28":{"start":{"line":65,"column":27},"end":{"line":75,"column":3}},"29":{"start":{"line":66,"column":21},"end":{"line":66,"column":79}},"30":{"start":{"line":67,"column":4},"end":{"line":70,"column":5}},"31":{"start":{"line":68,"column":6},"end":{"line":68,"column":71}},"32":{"start":{"line":69,"column":6},"end":{"line":69,"column":13}},"33":{"start":{"line":71,"column":22},"end":{"line":71,"column":86}},"34":{"start":{"line":72,"column":4},"end":{"line":72,"column":42}},"35":{"start":{"line":73,"column":4},"end":{"line":73,"column":22}},"36":{"start":{"line":74,"column":4},"end":{"line":74,"column":14}},"37":{"start":{"line":79,"column":27},"end":{"line":85,"column":3}},"38":{"start":{"line":80,"column":17},"end":{"line":80,"column":37}},"39":{"start":{"line":81,"column":4},"end":{"line":81,"column":32}},"40":{"start":{"line":82,"column":4},"end":{"line":82,"column":34}},"41":{"start":{"line":83,"column":4},"end":{"line":83,"column":23}},"42":{"start":{"line":84,"column":4},"end":{"line":84,"column":26}},"43":{"start":{"line":87,"column":26},"end":{"line":95,"column":3}},"44":{"start":{"line":88,"column":4},"end":{"line":91,"column":5}},"45":{"start":{"line":89,"column":6},"end":{"line":89,"column":29}},"46":{"start":{"line":90,"column":6},"end":{"line":90,"column":34}},"47":{"start":{"line":92,"column":4},"end":{"line":92,"column":27}},"48":{"start":{"line":93,"column":4},"end":{"line":93,"column":22}},"49":{"start":{"line":94,"column":4},"end":{"line":94,"column":14}},"50":{"start":{"line":97,"column":28},"end":{"line":102,"column":3}},"51":{"start":{"line":98,"column":4},"end":{"line":98,"column":74}},"52":{"start":{"line":98,"column":34},"end":{"line":98,"column":74}},"53":{"start":{"line":99,"column":4},"end":{"line":99,"column":32}},"54":{"start":{"line":100,"column":4},"end":{"line":100,"column":27}},"55":{"start":{"line":101,"column":4},"end":{"line":101,"column":23}},"56":{"start":{"line":104,"column":22},"end":{"line":110,"column":3}},"57":{"start":{"line":105,"column":14},"end":{"line":105,"column":40}},"58":{"start":{"line":106,"column":14},"end":{"line":106,"column":47}},"59":{"start":{"line":107,"column":14},"end":{"line":107,"column":26}},"60":{"start":{"line":108,"column":4},"end":{"line":108,"column":89}},"61":{"start":{"line":108,"column":15},"end":{"line":108,"column":89}},"62":{"start":{"line":109,"column":4},"end":{"line":109,"column":73}},"63":{"start":{"line":113,"column":26},"end":{"line":113,"column":89}},"64":{"start":{"line":114,"column":23},"end":{"line":114,"column":94}},"65":{"start":{"line":115,"column":21},"end":{"line":115,"column":62}},"66":{"start":{"line":117,"column":2},"end":{"line":264,"column":4}},"67":{"start":{"line":142,"column":27},"end":{"line":142,"column":40}},"68":{"start":{"line":150,"column":27},"end":{"line":150,"column":42}},"69":{"start":{"line":167,"column":18},"end":{"line":181,"column":37}},"70":{"start":{"line":173,"column":37},"end":{"line":173,"column":59}},"71":{"start":{"line":173,"column":60},"end":{"line":173,"column":80}},"72":{"start":{"line":190,"column":41},"end":{"line":190,"column":62}},"73":{"start":{"line":190,"column":63},"end":{"line":190,"column":82}},"74":{"start":{"line":191,"column":33},"end":{"line":191,"column":51}},"75":{"start":{"line":204,"column":18},"end":{"line":212,"column":37}},"76":{"start":{"line":207,"column":35},"end":{"line":207,"column":52}},"77":{"start":{"line":267,"column":15},"end":{"line":462,"column":2}}},"fnMap":{"0":{"name":"ManualSessionSheet","decl":{"start":{"line":21,"column":24},"end":{"line":21,"column":42}},"loc":{"start":{"line":21,"column":89},"end":{"line":265,"column":1}},"line":21},"1":{"name":"(anonymous_1)","decl":{"start":{"line":38,"column":12},"end":{"line":38,"column":13}},"loc":{"start":{"line":38,"column":18},"end":{"line":46,"column":3}},"line":38},"2":{"name":"(anonymous_2)","decl":{"start":{"line":49,"column":12},"end":{"line":49,"column":13}},"loc":{"start":{"line":49,"column":18},"end":{"line":61,"column":3}},"line":49},"3":{"name":"(anonymous_3)","decl":{"start":{"line":51,"column":45},"end":{"line":51,"column":46}},"loc":{"start":{"line":51,"column":51},"end":{"line":54,"column":7}},"line":51},"4":{"name":"(anonymous_4)","decl":{"start":{"line":58,"column":11},"end":{"line":58,"column":12}},"loc":{"start":{"line":58,"column":17},"end":{"line":60,"column":5}},"line":58},"5":{"name":"(anonymous_5)","decl":{"start":{"line":65,"column":27},"end":{"line":65,"column":28}},"loc":{"start":{"line":65,"column":33},"end":{"line":75,"column":3}},"line":65},"6":{"name":"(anonymous_6)","decl":{"start":{"line":79,"column":27},"end":{"line":79,"column":28}},"loc":{"start":{"line":79,"column":33},"end":{"line":85,"column":3}},"line":79},"7":{"name":"(anonymous_7)","decl":{"start":{"line":87,"column":26},"end":{"line":87,"column":27}},"loc":{"start":{"line":87,"column":32},"end":{"line":95,"column":3}},"line":87},"8":{"name":"(anonymous_8)","decl":{"start":{"line":97,"column":28},"end":{"line":97,"column":29}},"loc":{"start":{"line":97,"column":34},"end":{"line":102,"column":3}},"line":97},"9":{"name":"(anonymous_9)","decl":{"start":{"line":104,"column":22},"end":{"line":104,"column":23}},"loc":{"start":{"line":104,"column":43},"end":{"line":110,"column":3}},"line":104},"10":{"name":"(anonymous_10)","decl":{"start":{"line":142,"column":21},"end":{"line":142,"column":22}},"loc":{"start":{"line":142,"column":27},"end":{"line":142,"column":40}},"line":142},"11":{"name":"(anonymous_11)","decl":{"start":{"line":150,"column":21},"end":{"line":150,"column":22}},"loc":{"start":{"line":150,"column":27},"end":{"line":150,"column":42}},"line":150},"12":{"name":"(anonymous_12)","decl":{"start":{"line":166,"column":38},"end":{"line":166,"column":39}},"loc":{"start":{"line":167,"column":18},"end":{"line":181,"column":37}},"line":167},"13":{"name":"(anonymous_13)","decl":{"start":{"line":173,"column":29},"end":{"line":173,"column":30}},"loc":{"start":{"line":173,"column":35},"end":{"line":173,"column":82}},"line":173},"14":{"name":"(anonymous_14)","decl":{"start":{"line":190,"column":32},"end":{"line":190,"column":33}},"loc":{"start":{"line":190,"column":39},"end":{"line":190,"column":84}},"line":190},"15":{"name":"(anonymous_15)","decl":{"start":{"line":191,"column":27},"end":{"line":191,"column":28}},"loc":{"start":{"line":191,"column":33},"end":{"line":191,"column":51}},"line":191},"16":{"name":"(anonymous_16)","decl":{"start":{"line":203,"column":40},"end":{"line":203,"column":41}},"loc":{"start":{"line":204,"column":18},"end":{"line":212,"column":37}},"line":204},"17":{"name":"(anonymous_17)","decl":{"start":{"line":207,"column":29},"end":{"line":207,"column":30}},"loc":{"start":{"line":207,"column":35},"end":{"line":207,"column":52}},"line":207}},"branchMap":{"0":{"loc":{"start":{"line":39,"column":4},"end":{"line":45,"column":5}},"type":"if","locations":[{"start":{"line":39,"column":4},"end":{"line":45,"column":5}},{"start":{},"end":{}}],"line":39},"1":{"loc":{"start":{"line":50,"column":4},"end":{"line":57,"column":5}},"type":"if","locations":[{"start":{"line":50,"column":4},"end":{"line":57,"column":5}},{"start":{"line":55,"column":11},"end":{"line":57,"column":5}}],"line":50},"2":{"loc":{"start":{"line":56,"column":6},"end":{"line":56,"column":76}},"type":"if","locations":[{"start":{"line":56,"column":6},"end":{"line":56,"column":76}},{"start":{},"end":{}}],"line":56},"3":{"loc":{"start":{"line":59,"column":6},"end":{"line":59,"column":76}},"type":"if","locations":[{"start":{"line":59,"column":6},"end":{"line":59,"column":76}},{"start":{},"end":{}}],"line":59},"4":{"loc":{"start":{"line":66,"column":21},"end":{"line":66,"column":79}},"type":"cond-expr","locations":[{"start":{"line":66,"column":33},"end":{"line":66,"column":61}},{"start":{"line":66,"column":64},"end":{"line":66,"column":79}}],"line":66},"5":{"loc":{"start":{"line":67,"column":4},"end":{"line":70,"column":5}},"type":"if","locations":[{"start":{"line":67,"column":4},"end":{"line":70,"column":5}},{"start":{},"end":{}}],"line":67},"6":{"loc":{"start":{"line":67,"column":8},"end":{"line":67,"column":57}},"type":"binary-expr","locations":[{"start":{"line":67,"column":8},"end":{"line":67,"column":23}},{"start":{"line":67,"column":27},"end":{"line":67,"column":39}},{"start":{"line":67,"column":43},"end":{"line":67,"column":57}}],"line":67},"7":{"loc":{"start":{"line":88,"column":4},"end":{"line":91,"column":5}},"type":"if","locations":[{"start":{"line":88,"column":4},"end":{"line":91,"column":5}},{"start":{},"end":{}}],"line":88},"8":{"loc":{"start":{"line":98,"column":4},"end":{"line":98,"column":74}},"type":"if","locations":[{"start":{"line":98,"column":4},"end":{"line":98,"column":74}},{"start":{},"end":{}}],"line":98},"9":{"loc":{"start":{"line":108,"column":4},"end":{"line":108,"column":89}},"type":"if","locations":[{"start":{"line":108,"column":4},"end":{"line":108,"column":89}},{"start":{},"end":{}}],"line":108},"10":{"loc":{"start":{"line":113,"column":26},"end":{"line":113,"column":89}},"type":"cond-expr","locations":[{"start":{"line":113,"column":38},"end":{"line":113,"column":71}},{"start":{"line":113,"column":74},"end":{"line":113,"column":89}}],"line":113},"11":{"loc":{"start":{"line":113,"column":38},"end":{"line":113,"column":71}},"type":"binary-expr","locations":[{"start":{"line":113,"column":38},"end":{"line":113,"column":66}},{"start":{"line":113,"column":70},"end":{"line":113,"column":71}}],"line":113},"12":{"loc":{"start":{"line":141,"column":32},"end":{"line":141,"column":65}},"type":"binary-expr","locations":[{"start":{"line":141,"column":32},"end":{"line":141,"column":45}},{"start":{"line":141,"column":49},"end":{"line":141,"column":65}}],"line":141},"13":{"loc":{"start":{"line":144,"column":42},"end":{"line":144,"column":79}},"type":"binary-expr","locations":[{"start":{"line":144,"column":42},"end":{"line":144,"column":55}},{"start":{"line":144,"column":59},"end":{"line":144,"column":79}}],"line":144},"14":{"loc":{"start":{"line":149,"column":32},"end":{"line":149,"column":67}},"type":"binary-expr","locations":[{"start":{"line":149,"column":32},"end":{"line":149,"column":47}},{"start":{"line":149,"column":51},"end":{"line":149,"column":67}}],"line":149},"15":{"loc":{"start":{"line":152,"column":42},"end":{"line":152,"column":81}},"type":"binary-expr","locations":[{"start":{"line":152,"column":42},"end":{"line":152,"column":57}},{"start":{"line":152,"column":61},"end":{"line":152,"column":81}}],"line":152},"16":{"loc":{"start":{"line":161,"column":11},"end":{"line":234,"column":11}},"type":"binary-expr","locations":[{"start":{"line":161,"column":11},"end":{"line":161,"column":24}},{"start":{"line":162,"column":12},"end":{"line":233,"column":19}}],"line":161},"17":{"loc":{"start":{"line":171,"column":22},"end":{"line":171,"column":80}},"type":"binary-expr","locations":[{"start":{"line":171,"column":22},"end":{"line":171,"column":32}},{"start":{"line":171,"column":36},"end":{"line":171,"column":57}},{"start":{"line":171,"column":61},"end":{"line":171,"column":80}}],"line":171},"18":{"loc":{"start":{"line":177,"column":22},"end":{"line":177,"column":84}},"type":"binary-expr","locations":[{"start":{"line":177,"column":22},"end":{"line":177,"column":32}},{"start":{"line":177,"column":36},"end":{"line":177,"column":57}},{"start":{"line":177,"column":61},"end":{"line":177,"column":84}}],"line":177},"19":{"loc":{"start":{"line":188,"column":40},"end":{"line":188,"column":71}},"type":"binary-expr","locations":[{"start":{"line":188,"column":40},"end":{"line":188,"column":49}},{"start":{"line":188,"column":53},"end":{"line":188,"column":71}}],"line":188},"20":{"loc":{"start":{"line":206,"column":43},"end":{"line":206,"column":83}},"type":"binary-expr","locations":[{"start":{"line":206,"column":43},"end":{"line":206,"column":60}},{"start":{"line":206,"column":64},"end":{"line":206,"column":83}}],"line":206},"21":{"loc":{"start":{"line":209,"column":53},"end":{"line":209,"column":97}},"type":"binary-expr","locations":[{"start":{"line":209,"column":53},"end":{"line":209,"column":70}},{"start":{"line":209,"column":74},"end":{"line":209,"column":97}}],"line":209},"22":{"loc":{"start":{"line":210,"column":23},"end":{"line":210,"column":91}},"type":"cond-expr","locations":[{"start":{"line":210,"column":33},"end":{"line":210,"column":53}},{"start":{"line":210,"column":56},"end":{"line":210,"column":91}}],"line":210},"23":{"loc":{"start":{"line":217,"column":15},"end":{"line":227,"column":15}},"type":"binary-expr","locations":[{"start":{"line":217,"column":15},"end":{"line":217,"column":34}},{"start":{"line":218,"column":16},"end":{"line":226,"column":23}}],"line":217},"24":{"loc":{"start":{"line":237,"column":11},"end":{"line":259,"column":11}},"type":"binary-expr","locations":[{"start":{"line":237,"column":11},"end":{"line":237,"column":26}},{"start":{"line":238,"column":12},"end":{"line":258,"column":19}}],"line":237},"25":{"loc":{"start":{"line":241,"column":17},"end":{"line":241,"column":83}},"type":"cond-expr","locations":[{"start":{"line":241,"column":32},"end":{"line":241,"column":57}},{"start":{"line":241,"column":60},"end":{"line":241,"column":83}}],"line":241},"26":{"loc":{"start":{"line":244,"column":15},"end":{"line":257,"column":15}},"type":"cond-expr","locations":[{"start":{"line":245,"column":16},"end":{"line":247,"column":35}},{"start":{"line":249,"column":16},"end":{"line":256,"column":23}}],"line":244}},"s":{"0":0,"1":0,"2":0,"3":0,"4":0,"5":0,"6":0,"7":0,"8":0,"9":0,"10":0,"11":0,"12":0,"13":0,"14":0,"15":0,"16":0,"17":0,"18":0,"19":0,"20":0,"21":0,"22":0,"23":0,"24":0,"25":0,"26":0,"27":0,"28":0,"29":0,"30":0,"31":0,"32":0,"33":0,"34":0,"35":0,"36":0,"37":0,"38":0,"39":0,"40":0,"41":0,"42":0,"43":0,"44":0,"45":0,"46":0,"47":0,"48":0,"49":0,"50":0,"51":0,"52":0,"53":0,"54":0,"55":0,"56":0,"57":0,"58":0,"59":0,"60":0,"61":0,"62":0,"63":0,"64":0,"65":0,"66":0,"67":0,"68":0,"69":0,"70":0,"71":0,"72":0,"73":0,"74":0,"75":0,"76":0,"77":0},"f":{"0":0,"1":0,"2":0,"3":0,"4":0,"5":0,"6":0,"7":0,"8":0,"9":0,"10":0,"11":0,"12":0,"13":0,"14":0,"15":0,"16":0,"17":0},"b":{"0":[0,0],"1":[0,0],"2":[0,0],"3":[0,0],"4":[0,0],"5":[0,0],"6":[0,0,0],"7":[0,0],"8":[0,0],"9":[0,0],"10":[0,0],"11":[0,0],"12":[0,0],"13":[0,0],"14":[0,0],"15":[0,0],"16":[0,0],"17":[0,0,0],"18":[0,0,0],"19":[0,0],"20":[0,0],"21":[0,0],"22":[0,0],"23":[0,0],"24":[0,0],"25":[0,0],"26":[0,0]}}
,"/home/runner/work/TouchGrass/TouchGrass/src/components/ProgressRing.tsx": {"path":"/home/runner/work/TouchGrass/TouchGrass/src/components/ProgressRing.tsx","statementMap":{"0":{"start":{"line":16,"column":23},"end":{"line":16,"column":63}},"1":{"start":{"line":25,"column":18},"end":{"line":25,"column":60}},"2":{"start":{"line":26,"column":17},"end":{"line":26,"column":41}},"3":{"start":{"line":27,"column":24},"end":{"line":27,"column":44}},"4":{"start":{"line":29,"column":26},"end":{"line":29,"column":63}},"5":{"start":{"line":31,"column":2},"end":{"line":38,"column":16}},"6":{"start":{"line":32,"column":4},"end":{"line":37,"column":15}},"7":{"start":{"line":40,"column":27},"end":{"line":43,"column":4}},"8":{"start":{"line":45,"column":20},"end":{"line":45,"column":42}},"9":{"start":{"line":46,"column":13},"end":{"line":46,"column":21}},"10":{"start":{"line":47,"column":13},"end":{"line":47,"column":21}},"11":{"start":{"line":49,"column":2},"end":{"line":83,"column":4}},"12":{"start":{"line":86,"column":15},"end":{"line":114,"column":2}}},"fnMap":{"0":{"name":"ProgressRing","decl":{"start":{"line":18,"column":24},"end":{"line":18,"column":36}},"loc":{"start":{"line":24,"column":10},"end":{"line":84,"column":1}},"line":24},"1":{"name":"(anonymous_1)","decl":{"start":{"line":31,"column":12},"end":{"line":31,"column":13}},"loc":{"start":{"line":31,"column":18},"end":{"line":38,"column":3}},"line":31}},"branchMap":{"0":{"loc":{"start":{"line":21,"column":2},"end":{"line":21,"column":12}},"type":"default-arg","locations":[{"start":{"line":21,"column":9},"end":{"line":21,"column":12}}],"line":21},"1":{"loc":{"start":{"line":22,"column":2},"end":{"line":22,"column":18}},"type":"default-arg","locations":[{"start":{"line":22,"column":16},"end":{"line":22,"column":18}}],"line":22},"2":{"loc":{"start":{"line":23,"column":2},"end":{"line":23,"column":17}},"type":"default-arg","locations":[{"start":{"line":23,"column":10},"end":{"line":23,"column":17}}],"line":23}},"s":{"0":0,"1":0,"2":0,"3":0,"4":0,"5":0,"6":0,"7":0,"8":0,"9":0,"10":0,"11":0,"12":0},"f":{"0":0,"1":0},"b":{"0":[0],"1":[0],"2":[0]}}
,"/home/runner/work/TouchGrass/TouchGrass/src/detection/gpsDetection.ts": {"path":"/home/runner/work/TouchGrass/TouchGrass/src/detection/gpsDetection.ts","statementMap":{"0":{"start":{"line":9,"column":22},"end":{"line":9,"column":43}},"1":{"start":{"line":10,"column":28},"end":{"line":10,"column":55}},"2":{"start":{"line":12,"column":28},"end":{"line":12,"column":32}},"3":{"start":{"line":13,"column":36},"end":{"line":13,"column":40}},"4":{"start":{"line":14,"column":32},"end":{"line":14,"column":45}},"5":{"start":{"line":17,"column":41},"end":{"line":17,"column":45}},"6":{"start":{"line":18,"column":23},"end":{"line":18,"column":28}},"7":{"start":{"line":24,"column":25},"end":{"line":24,"column":75}},"8":{"start":{"line":25,"column":2},"end":{"line":25,"column":37}},"9":{"start":{"line":25,"column":24},"end":{"line":25,"column":37}},"10":{"start":{"line":26,"column":25},"end":{"line":26,"column":75}},"11":{"start":{"line":27,"column":2},"end":{"line":27,"column":26}},"12":{"start":{"line":36,"column":25},"end":{"line":36,"column":71}},"13":{"start":{"line":37,"column":25},"end":{"line":37,"column":71}},"14":{"start":{"line":39,"column":2},"end":{"line":42,"column":3}},"15":{"start":{"line":40,"column":4},"end":{"line":40,"column":82}},"16":{"start":{"line":41,"column":4},"end":{"line":41,"column":11}},"17":{"start":{"line":44,"column":21},"end":{"line":44,"column":87}},"18":{"start":{"line":45,"column":2},"end":{"line":48,"column":3}},"19":{"start":{"line":46,"column":4},"end":{"line":46,"column":60}},"20":{"start":{"line":47,"column":4},"end":{"line":47,"column":11}},"21":{"start":{"line":50,"column":2},"end":{"line":50,"column":80}},"22":{"start":{"line":51,"column":2},"end":{"line":62,"column":5}},"23":{"start":{"line":63,"column":2},"end":{"line":63,"column":63}},"24":{"start":{"line":70,"column":21},"end":{"line":70,"column":87}},"25":{"start":{"line":71,"column":2},"end":{"line":73,"column":3}},"26":{"start":{"line":72,"column":4},"end":{"line":72,"column":65}},"27":{"start":{"line":84,"column":2},"end":{"line":88,"column":5}},"28":{"start":{"line":85,"column":4},"end":{"line":85,"column":36}},"29":{"start":{"line":85,"column":23},"end":{"line":85,"column":36}},"30":{"start":{"line":86,"column":17},"end":{"line":86,"column":73}},"31":{"start":{"line":87,"column":4},"end":{"line":87,"column":36}},"32":{"start":{"line":96,"column":25},"end":{"line":96,"column":44}},"33":{"start":{"line":97,"column":19},"end":{"line":97,"column":68}},"34":{"start":{"line":98,"column":20},"end":{"line":98,"column":29}},"35":{"start":{"line":100,"column":2},"end":{"line":119,"column":3}},"36":{"start":{"line":102,"column":4},"end":{"line":102,"column":36}},"37":{"start":{"line":103,"column":4},"end":{"line":103,"column":28}},"38":{"start":{"line":104,"column":9},"end":{"line":119,"column":3}},"39":{"start":{"line":106,"column":21},"end":{"line":106,"column":52}},"40":{"start":{"line":107,"column":4},"end":{"line":116,"column":5}},"41":{"start":{"line":108,"column":22},"end":{"line":114,"column":7}},"42":{"start":{"line":115,"column":6},"end":{"line":115,"column":29}},"43":{"start":{"line":117,"column":4},"end":{"line":117,"column":31}},"44":{"start":{"line":118,"column":4},"end":{"line":118,"column":29}},"45":{"start":{"line":122,"column":2},"end":{"line":122,"column":51}},"46":{"start":{"line":132,"column":2},"end":{"line":181,"column":3}},"47":{"start":{"line":133,"column":24},"end":{"line":133,"column":61}},"48":{"start":{"line":134,"column":39},"end":{"line":134,"column":62}},"49":{"start":{"line":136,"column":4},"end":{"line":136,"column":37}},"50":{"start":{"line":136,"column":30},"end":{"line":136,"column":37}},"51":{"start":{"line":138,"column":24},"end":{"line":141,"column":6}},"52":{"start":{"line":139,"column":16},"end":{"line":139,"column":48}},"53":{"start":{"line":140,"column":6},"end":{"line":140,"column":30}},"54":{"start":{"line":143,"column":24},"end":{"line":147,"column":6}},"55":{"start":{"line":144,"column":16},"end":{"line":144,"column":46}},"56":{"start":{"line":145,"column":16},"end":{"line":145,"column":48}},"57":{"start":{"line":146,"column":6},"end":{"line":146,"column":50}},"58":{"start":{"line":149,"column":23},"end":{"line":149,"column":44}},"59":{"start":{"line":150,"column":23},"end":{"line":150,"column":44}},"60":{"start":{"line":152,"column":4},"end":{"line":161,"column":5}},"61":{"start":{"line":153,"column":6},"end":{"line":159,"column":9}},"62":{"start":{"line":160,"column":6},"end":{"line":160,"column":39}},"63":{"start":{"line":163,"column":4},"end":{"line":178,"column":5}},"64":{"start":{"line":165,"column":6},"end":{"line":177,"column":7}},"65":{"start":{"line":169,"column":8},"end":{"line":175,"column":11}},"66":{"start":{"line":176,"column":8},"end":{"line":176,"column":41}},"67":{"start":{"line":180,"column":4},"end":{"line":180,"column":52}},"68":{"start":{"line":192,"column":28},"end":{"line":192,"column":31}},"69":{"start":{"line":195,"column":2},"end":{"line":204,"column":3}},"70":{"start":{"line":196,"column":16},"end":{"line":196,"column":53}},"71":{"start":{"line":197,"column":39},"end":{"line":197,"column":54}},"72":{"start":{"line":198,"column":4},"end":{"line":198,"column":43}},"73":{"start":{"line":200,"column":20},"end":{"line":200,"column":56}},"74":{"start":{"line":201,"column":4},"end":{"line":201,"column":61}},"75":{"start":{"line":203,"column":4},"end":{"line":203,"column":41}},"76":{"start":{"line":208,"column":2},"end":{"line":208,"column":40}},"77":{"start":{"line":208,"column":28},"end":{"line":208,"column":40}},"78":{"start":{"line":209,"column":14},"end":{"line":209,"column":73}},"79":{"start":{"line":209,"column":41},"end":{"line":209,"column":52}},"80":{"start":{"line":210,"column":14},"end":{"line":210,"column":73}},"81":{"start":{"line":210,"column":41},"end":{"line":210,"column":52}},"82":{"start":{"line":211,"column":2},"end":{"line":211,"column":22}},"83":{"start":{"line":217,"column":12},"end":{"line":217,"column":19}},"84":{"start":{"line":218,"column":15},"end":{"line":218,"column":33}},"85":{"start":{"line":219,"column":15},"end":{"line":219,"column":33}},"86":{"start":{"line":221,"column":4},"end":{"line":222,"column":75}},"87":{"start":{"line":223,"column":2},"end":{"line":223,"column":60}},"88":{"start":{"line":227,"column":2},"end":{"line":227,"column":31}},"89":{"start":{"line":233,"column":0},"end":{"line":246,"column":3}},"90":{"start":{"line":234,"column":2},"end":{"line":237,"column":3}},"91":{"start":{"line":235,"column":4},"end":{"line":235,"column":48}},"92":{"start":{"line":236,"column":4},"end":{"line":236,"column":11}},"93":{"start":{"line":238,"column":2},"end":{"line":245,"column":3}},"94":{"start":{"line":239,"column":16},"end":{"line":239,"column":57}},"95":{"start":{"line":240,"column":4},"end":{"line":244,"column":6}}},"fnMap":{"0":{"name":"requestLocationPermissions","decl":{"start":{"line":23,"column":22},"end":{"line":23,"column":48}},"loc":{"start":{"line":23,"column":69},"end":{"line":28,"column":1}},"line":23},"1":{"name":"startLocationTracking","decl":{"start":{"line":34,"column":22},"end":{"line":34,"column":43}},"loc":{"start":{"line":34,"column":61},"end":{"line":64,"column":1}},"line":34},"2":{"name":"stopLocationTracking","decl":{"start":{"line":69,"column":22},"end":{"line":69,"column":42}},"loc":{"start":{"line":69,"column":60},"end":{"line":74,"column":1}},"line":69},"3":{"name":"isAtKnownIndoorLocation","decl":{"start":{"line":79,"column":16},"end":{"line":79,"column":39}},"loc":{"start":{"line":83,"column":11},"end":{"line":89,"column":1}},"line":83},"4":{"name":"(anonymous_4)","decl":{"start":{"line":84,"column":24},"end":{"line":84,"column":25}},"loc":{"start":{"line":84,"column":33},"end":{"line":88,"column":3}},"line":84},"5":{"name":"processLocationUpdate","decl":{"start":{"line":95,"column":16},"end":{"line":95,"column":37}},"loc":{"start":{"line":95,"column":89},"end":{"line":123,"column":1}},"line":95},"6":{"name":"autoDetectLocations","decl":{"start":{"line":131,"column":22},"end":{"line":131,"column":41}},"loc":{"start":{"line":131,"column":59},"end":{"line":182,"column":1}},"line":131},"7":{"name":"(anonymous_7)","decl":{"start":{"line":138,"column":40},"end":{"line":138,"column":41}},"loc":{"start":{"line":138,"column":47},"end":{"line":141,"column":5}},"line":138},"8":{"name":"(anonymous_8)","decl":{"start":{"line":143,"column":40},"end":{"line":143,"column":41}},"loc":{"start":{"line":143,"column":47},"end":{"line":147,"column":5}},"line":143},"9":{"name":"recordLocationForClustering","decl":{"start":{"line":194,"column":9},"end":{"line":194,"column":36}},"loc":{"start":{"line":194,"column":88},"end":{"line":205,"column":1}},"line":194},"10":{"name":"centroid","decl":{"start":{"line":207,"column":9},"end":{"line":207,"column":17}},"loc":{"start":{"line":207,"column":82},"end":{"line":212,"column":1}},"line":207},"11":{"name":"(anonymous_11)","decl":{"start":{"line":209,"column":29},"end":{"line":209,"column":30}},"loc":{"start":{"line":209,"column":41},"end":{"line":209,"column":52}},"line":209},"12":{"name":"(anonymous_12)","decl":{"start":{"line":210,"column":29},"end":{"line":210,"column":30}},"loc":{"start":{"line":210,"column":41},"end":{"line":210,"column":52}},"line":210},"13":{"name":"haversineDistance","decl":{"start":{"line":216,"column":9},"end":{"line":216,"column":26}},"loc":{"start":{"line":216,"column":91},"end":{"line":224,"column":1}},"line":216},"14":{"name":"toRad","decl":{"start":{"line":226,"column":9},"end":{"line":226,"column":14}},"loc":{"start":{"line":226,"column":36},"end":{"line":228,"column":1}},"line":226},"15":{"name":"(anonymous_15)","decl":{"start":{"line":233,"column":44},"end":{"line":233,"column":45}},"loc":{"start":{"line":233,"column":76},"end":{"line":246,"column":1}},"line":233}},"branchMap":{"0":{"loc":{"start":{"line":25,"column":2},"end":{"line":25,"column":37}},"type":"if","locations":[{"start":{"line":25,"column":2},"end":{"line":25,"column":37}},{"start":{},"end":{}}],"line":25},"1":{"loc":{"start":{"line":39,"column":2},"end":{"line":42,"column":3}},"type":"if","locations":[{"start":{"line":39,"column":2},"end":{"line":42,"column":3}},{"start":{},"end":{}}],"line":39},"2":{"loc":{"start":{"line":39,"column":6},"end":{"line":39,"column":42}},"type":"binary-expr","locations":[{"start":{"line":39,"column":6},"end":{"line":39,"column":22}},{"start":{"line":39,"column":26},"end":{"line":39,"column":42}}],"line":39},"3":{"loc":{"start":{"line":45,"column":2},"end":{"line":48,"column":3}},"type":"if","locations":[{"start":{"line":45,"column":2},"end":{"line":48,"column":3}},{"start":{},"end":{}}],"line":45},"4":{"loc":{"start":{"line":71,"column":2},"end":{"line":73,"column":3}},"type":"if","locations":[{"start":{"line":71,"column":2},"end":{"line":73,"column":3}},{"start":{},"end":{}}],"line":71},"5":{"loc":{"start":{"line":85,"column":4},"end":{"line":85,"column":36}},"type":"if","locations":[{"start":{"line":85,"column":4},"end":{"line":85,"column":36}},{"start":{},"end":{}}],"line":85},"6":{"loc":{"start":{"line":100,"column":2},"end":{"line":119,"column":3}},"type":"if","locations":[{"start":{"line":100,"column":2},"end":{"line":119,"column":3}},{"start":{"line":104,"column":9},"end":{"line":119,"column":3}}],"line":100},"7":{"loc":{"start":{"line":100,"column":6},"end":{"line":100,"column":36}},"type":"binary-expr","locations":[{"start":{"line":100,"column":6},"end":{"line":100,"column":15}},{"start":{"line":100,"column":19},"end":{"line":100,"column":36}}],"line":100},"8":{"loc":{"start":{"line":104,"column":9},"end":{"line":119,"column":3}},"type":"if","locations":[{"start":{"line":104,"column":9},"end":{"line":119,"column":3}},{"start":{},"end":{}}],"line":104},"9":{"loc":{"start":{"line":104,"column":13},"end":{"line":104,"column":75}},"type":"binary-expr","locations":[{"start":{"line":104,"column":13},"end":{"line":104,"column":23}},{"start":{"line":104,"column":27},"end":{"line":104,"column":43}},{"start":{"line":104,"column":47},"end":{"line":104,"column":75}}],"line":104},"10":{"loc":{"start":{"line":107,"column":4},"end":{"line":116,"column":5}},"type":"if","locations":[{"start":{"line":107,"column":4},"end":{"line":116,"column":5}},{"start":{},"end":{}}],"line":107},"11":{"loc":{"start":{"line":136,"column":4},"end":{"line":136,"column":37}},"type":"if","locations":[{"start":{"line":136,"column":4},"end":{"line":136,"column":37}},{"start":{},"end":{}}],"line":136},"12":{"loc":{"start":{"line":140,"column":13},"end":{"line":140,"column":29}},"type":"binary-expr","locations":[{"start":{"line":140,"column":13},"end":{"line":140,"column":20}},{"start":{"line":140,"column":24},"end":{"line":140,"column":29}}],"line":140},"13":{"loc":{"start":{"line":146,"column":13},"end":{"line":146,"column":49}},"type":"binary-expr","locations":[{"start":{"line":146,"column":13},"end":{"line":146,"column":19}},{"start":{"line":146,"column":23},"end":{"line":146,"column":29}},{"start":{"line":146,"column":33},"end":{"line":146,"column":39}},{"start":{"line":146,"column":43},"end":{"line":146,"column":49}}],"line":146},"14":{"loc":{"start":{"line":152,"column":4},"end":{"line":161,"column":5}},"type":"if","locations":[{"start":{"line":152,"column":4},"end":{"line":161,"column":5}},{"start":{},"end":{}}],"line":152},"15":{"loc":{"start":{"line":152,"column":8},"end":{"line":152,"column":54}},"type":"binary-expr","locations":[{"start":{"line":152,"column":8},"end":{"line":152,"column":18}},{"start":{"line":152,"column":22},"end":{"line":152,"column":54}}],"line":152},"16":{"loc":{"start":{"line":163,"column":4},"end":{"line":178,"column":5}},"type":"if","locations":[{"start":{"line":163,"column":4},"end":{"line":178,"column":5}},{"start":{},"end":{}}],"line":163},"17":{"loc":{"start":{"line":163,"column":8},"end":{"line":163,"column":54}},"type":"binary-expr","locations":[{"start":{"line":163,"column":8},"end":{"line":163,"column":18}},{"start":{"line":163,"column":22},"end":{"line":163,"column":54}}],"line":163},"18":{"loc":{"start":{"line":165,"column":6},"end":{"line":177,"column":7}},"type":"if","locations":[{"start":{"line":165,"column":6},"end":{"line":177,"column":7}},{"start":{},"end":{}}],"line":165},"19":{"loc":{"start":{"line":165,"column":10},"end":{"line":168,"column":13}},"type":"binary-expr","locations":[{"start":{"line":165,"column":10},"end":{"line":165,"column":21}},{"start":{"line":165,"column":25},"end":{"line":168,"column":13}}],"line":165},"20":{"loc":{"start":{"line":208,"column":2},"end":{"line":208,"column":40}},"type":"if","locations":[{"start":{"line":208,"column":2},"end":{"line":208,"column":40}},{"start":{},"end":{}}],"line":208},"21":{"loc":{"start":{"line":234,"column":2},"end":{"line":237,"column":3}},"type":"if","locations":[{"start":{"line":234,"column":2},"end":{"line":237,"column":3}},{"start":{},"end":{}}],"line":234},"22":{"loc":{"start":{"line":238,"column":2},"end":{"line":245,"column":3}},"type":"if","locations":[{"start":{"line":238,"column":2},"end":{"line":245,"column":3}},{"start":{},"end":{}}],"line":238}},"s":{"0":0,"1":0,"2":0,"3":0,"4":0,"5":0,"6":0,"7":0,"8":0,"9":0,"10":0,"11":0,"12":0,"13":0,"14":0,"15":0,"16":0,"17":0,"18":0,"19":0,"20":0,"21":0,"22":0,"23":0,"24":0,"25":0,"26":0,"27":0,"28":0,"29":0,"30":0,"31":0,"32":0,"33":0,"34":0,"35":0,"36":0,"37":0,"38":0,"39":0,"40":0,"41":0,"42":0,"43":0,"44":0,"45":0,"46":0,"47":0,"48":0,"49":0,"50":0,"51":0,"52":0,"53":0,"54":0,"55":0,"56":0,"57":0,"58":0,"59":0,"60":0,"61":0,"62":0,"63":0,"64":0,"65":0,"66":0,"67":0,"68":0,"69":0,"70":0,"71":0,"72":0,"73":0,"74":0,"75":0,"76":0,"77":0,"78":0,"79":0,"80":0,"81":0,"82":0,"83":0,"84":0,"85":0,"86":0,"87":0,"88":0,"89":0,"90":0,"91":0,"92":0,"93":0,"94":0,"95":0},"f":{"0":0,"1":0,"2":0,"3":0,"4":0,"5":0,"6":0,"7":0,"8":0,"9":0,"10":0,"11":0,"12":0,"13":0,"14":0,"15":0},"b":{"0":[0,0],"1":[0,0],"2":[0,0],"3":[0,0],"4":[0,0],"5":[0,0],"6":[0,0],"7":[0,0],"8":[0,0],"9":[0,0,0],"10":[0,0],"11":[0,0],"12":[0,0],"13":[0,0,0,0],"14":[0,0],"15":[0,0],"16":[0,0],"17":[0,0],"18":[0,0],"19":[0,0],"20":[0,0],"21":[0,0],"22":[0,0]}}
,"/home/runner/work/TouchGrass/TouchGrass/src/detection/healthConnect.ts": {"path":"/home/runner/work/TouchGrass/TouchGrass/src/detection/healthConnect.ts","statementMap":{"0":{"start":{"line":13,"column":31},"end":{"line":16,"column":1}},"1":{"start":{"line":18,"column":28},"end":{"line":18,"column":32}},"2":{"start":{"line":19,"column":24},"end":{"line":19,"column":37}},"3":{"start":{"line":20,"column":31},"end":{"line":20,"column":65}},"4":{"start":{"line":26,"column":2},"end":{"line":31,"column":3}},"5":{"start":{"line":27,"column":19},"end":{"line":27,"column":39}},"6":{"start":{"line":28,"column":4},"end":{"line":28,"column":58}},"7":{"start":{"line":30,"column":4},"end":{"line":30,"column":17}},"8":{"start":{"line":50,"column":2},"end":{"line":99,"column":3}},"9":{"start":{"line":51,"column":4},"end":{"line":51,"column":23}},"10":{"start":{"line":54,"column":27},"end":{"line":54,"column":65}},"11":{"start":{"line":55,"column":4},"end":{"line":58,"column":5}},"12":{"start":{"line":56,"column":6},"end":{"line":56,"column":46}},"13":{"start":{"line":57,"column":6},"end":{"line":57,"column":18}},"14":{"start":{"line":62,"column":4},"end":{"line":80,"column":5}},"15":{"start":{"line":63,"column":22},"end":{"line":67,"column":8}},"16":{"start":{"line":70,"column":6},"end":{"line":73,"column":7}},"17":{"start":{"line":71,"column":8},"end":{"line":71,"column":48}},"18":{"start":{"line":72,"column":8},"end":{"line":72,"column":20}},"19":{"start":{"line":76,"column":6},"end":{"line":76,"column":78}},"20":{"start":{"line":79,"column":6},"end":{"line":79,"column":89}},"21":{"start":{"line":83,"column":19},"end":{"line":83,"column":64}},"22":{"start":{"line":84,"column":4},"end":{"line":87,"column":5}},"23":{"start":{"line":85,"column":6},"end":{"line":85,"column":61}},"24":{"start":{"line":86,"column":6},"end":{"line":86,"column":19}},"25":{"start":{"line":91,"column":4},"end":{"line":91,"column":16}},"26":{"start":{"line":93,"column":4},"end":{"line":96,"column":5}},"27":{"start":{"line":94,"column":6},"end":{"line":94,"column":33}},"28":{"start":{"line":95,"column":6},"end":{"line":95,"column":19}},"29":{"start":{"line":97,"column":4},"end":{"line":97,"column":56}},"30":{"start":{"line":98,"column":4},"end":{"line":98,"column":17}},"31":{"start":{"line":113,"column":2},"end":{"line":128,"column":3}},"32":{"start":{"line":114,"column":4},"end":{"line":114,"column":23}},"33":{"start":{"line":118,"column":19},"end":{"line":118,"column":64}},"34":{"start":{"line":119,"column":4},"end":{"line":122,"column":5}},"35":{"start":{"line":120,"column":6},"end":{"line":120,"column":61}},"36":{"start":{"line":121,"column":6},"end":{"line":121,"column":19}},"37":{"start":{"line":124,"column":4},"end":{"line":124,"column":16}},"38":{"start":{"line":126,"column":4},"end":{"line":126,"column":65}},"39":{"start":{"line":127,"column":4},"end":{"line":127,"column":17}},"40":{"start":{"line":136,"column":2},"end":{"line":192,"column":3}},"41":{"start":{"line":137,"column":22},"end":{"line":137,"column":54}},"42":{"start":{"line":138,"column":4},"end":{"line":138,"column":33}},"43":{"start":{"line":138,"column":20},"end":{"line":138,"column":33}},"44":{"start":{"line":140,"column":4},"end":{"line":140,"column":23}},"45":{"start":{"line":143,"column":21},"end":{"line":143,"column":77}},"46":{"start":{"line":144,"column":16},"end":{"line":144,"column":26}},"47":{"start":{"line":145,"column":22},"end":{"line":145,"column":77}},"48":{"start":{"line":147,"column":25},"end":{"line":147,"column":58}},"49":{"start":{"line":148,"column":23},"end":{"line":148,"column":50}},"50":{"start":{"line":151,"column":27},"end":{"line":157,"column":6}},"51":{"start":{"line":159,"column":4},"end":{"line":179,"column":5}},"52":{"start":{"line":160,"column":20},"end":{"line":160,"column":56}},"53":{"start":{"line":161,"column":18},"end":{"line":161,"column":52}},"54":{"start":{"line":162,"column":23},"end":{"line":162,"column":34}},"55":{"start":{"line":164,"column":6},"end":{"line":164,"column":47}},"56":{"start":{"line":164,"column":38},"end":{"line":164,"column":47}},"57":{"start":{"line":167,"column":34},"end":{"line":167,"column":76}},"58":{"start":{"line":168,"column":25},"end":{"line":168,"column":73}},"59":{"start":{"line":170,"column":22},"end":{"line":176,"column":7}},"60":{"start":{"line":178,"column":6},"end":{"line":178,"column":29}},"61":{"start":{"line":182,"column":4},"end":{"line":182,"column":55}},"62":{"start":{"line":183,"column":4},"end":{"line":183,"column":16}},"63":{"start":{"line":185,"column":4},"end":{"line":189,"column":5}},"64":{"start":{"line":186,"column":6},"end":{"line":186,"column":33}},"65":{"start":{"line":187,"column":6},"end":{"line":187,"column":47}},"66":{"start":{"line":188,"column":6},"end":{"line":188,"column":19}},"67":{"start":{"line":190,"column":4},"end":{"line":190,"column":50}},"68":{"start":{"line":191,"column":4},"end":{"line":191,"column":17}},"69":{"start":{"line":196,"column":18},"end":{"line":196,"column":31}},"70":{"start":{"line":197,"column":2},"end":{"line":197,"column":76}},"71":{"start":{"line":201,"column":24},"end":{"line":201,"column":71}},"72":{"start":{"line":202,"column":2},"end":{"line":202,"column":28}},"73":{"start":{"line":202,"column":21},"end":{"line":202,"column":28}},"74":{"start":{"line":203,"column":2},"end":{"line":203,"column":77}},"75":{"start":{"line":204,"column":2},"end":{"line":204,"column":42}},"76":{"start":{"line":215,"column":24},"end":{"line":251,"column":3}},"77":{"start":{"line":252,"column":2},"end":{"line":252,"column":38}}},"fnMap":{"0":{"name":"isHealthConnectAvailable","decl":{"start":{"line":25,"column":22},"end":{"line":25,"column":46}},"loc":{"start":{"line":25,"column":67},"end":{"line":32,"column":1}},"line":25},"1":{"name":"requestHealthPermissions","decl":{"start":{"line":49,"column":22},"end":{"line":49,"column":46}},"loc":{"start":{"line":49,"column":67},"end":{"line":100,"column":1}},"line":49},"2":{"name":"openHealthConnectForManagement","decl":{"start":{"line":112,"column":22},"end":{"line":112,"column":52}},"loc":{"start":{"line":112,"column":73},"end":{"line":129,"column":1}},"line":112},"3":{"name":"syncHealthConnect","decl":{"start":{"line":135,"column":22},"end":{"line":135,"column":39}},"loc":{"start":{"line":135,"column":60},"end":{"line":193,"column":1}},"line":135},"4":{"name":"isPermissionError","decl":{"start":{"line":195,"column":9},"end":{"line":195,"column":26}},"loc":{"start":{"line":195,"column":52},"end":{"line":198,"column":1}},"line":195},"5":{"name":"logPermissionWarningOnce","decl":{"start":{"line":200,"column":9},"end":{"line":200,"column":33}},"loc":{"start":{"line":200,"column":42},"end":{"line":205,"column":1}},"line":200},"6":{"name":"isOutdoorExerciseType","decl":{"start":{"line":214,"column":9},"end":{"line":214,"column":30}},"loc":{"start":{"line":214,"column":54},"end":{"line":253,"column":1}},"line":214}},"branchMap":{"0":{"loc":{"start":{"line":55,"column":4},"end":{"line":58,"column":5}},"type":"if","locations":[{"start":{"line":55,"column":4},"end":{"line":58,"column":5}},{"start":{},"end":{}}],"line":55},"1":{"loc":{"start":{"line":70,"column":6},"end":{"line":73,"column":7}},"type":"if","locations":[{"start":{"line":70,"column":6},"end":{"line":73,"column":7}},{"start":{},"end":{}}],"line":70},"2":{"loc":{"start":{"line":70,"column":10},"end":{"line":70,"column":39}},"type":"binary-expr","locations":[{"start":{"line":70,"column":10},"end":{"line":70,"column":17}},{"start":{"line":70,"column":21},"end":{"line":70,"column":39}}],"line":70},"3":{"loc":{"start":{"line":84,"column":4},"end":{"line":87,"column":5}},"type":"if","locations":[{"start":{"line":84,"column":4},"end":{"line":87,"column":5}},{"start":{},"end":{}}],"line":84},"4":{"loc":{"start":{"line":93,"column":4},"end":{"line":96,"column":5}},"type":"if","locations":[{"start":{"line":93,"column":4},"end":{"line":96,"column":5}},{"start":{},"end":{}}],"line":93},"5":{"loc":{"start":{"line":119,"column":4},"end":{"line":122,"column":5}},"type":"if","locations":[{"start":{"line":119,"column":4},"end":{"line":122,"column":5}},{"start":{},"end":{}}],"line":119},"6":{"loc":{"start":{"line":138,"column":4},"end":{"line":138,"column":33}},"type":"if","locations":[{"start":{"line":138,"column":4},"end":{"line":138,"column":33}},{"start":{},"end":{}}],"line":138},"7":{"loc":{"start":{"line":145,"column":22},"end":{"line":145,"column":77}},"type":"cond-expr","locations":[{"start":{"line":145,"column":37},"end":{"line":145,"column":45}},{"start":{"line":145,"column":48},"end":{"line":145,"column":77}}],"line":145},"8":{"loc":{"start":{"line":164,"column":6},"end":{"line":164,"column":47}},"type":"if","locations":[{"start":{"line":164,"column":6},"end":{"line":164,"column":47}},{"start":{},"end":{}}],"line":164},"9":{"loc":{"start":{"line":168,"column":25},"end":{"line":168,"column":73}},"type":"cond-expr","locations":[{"start":{"line":168,"column":47},"end":{"line":168,"column":51}},{"start":{"line":168,"column":54},"end":{"line":168,"column":73}}],"line":168},"10":{"loc":{"start":{"line":185,"column":4},"end":{"line":189,"column":5}},"type":"if","locations":[{"start":{"line":185,"column":4},"end":{"line":189,"column":5}},{"start":{},"end":{}}],"line":185},"11":{"loc":{"start":{"line":197,"column":9},"end":{"line":197,"column":75}},"type":"binary-expr","locations":[{"start":{"line":197,"column":9},"end":{"line":197,"column":46}},{"start":{"line":197,"column":50},"end":{"line":197,"column":75}}],"line":197},"12":{"loc":{"start":{"line":202,"column":2},"end":{"line":202,"column":28}},"type":"if","locations":[{"start":{"line":202,"column":2},"end":{"line":202,"column":28}},{"start":{},"end":{}}],"line":202}},"s":{"0":0,"1":0,"2":0,"3":0,"4":0,"5":0,"6":0,"7":0,"8":0,"9":0,"10":0,"11":0,"12":0,"13":0,"14":0,"15":0,"16":0,"17":0,"18":0,"19":0,"20":0,"21":0,"22":0,"23":0,"24":0,"25":0,"26":0,"27":0,"28":0,"29":0,"30":0,"31":0,"32":0,"33":0,"34":0,"35":0,"36":0,"37":0,"38":0,"39":0,"40":0,"41":0,"42":0,"43":0,"44":0,"45":0,"46":0,"47":0,"48":0,"49":0,"50":0,"51":0,"52":0,"53":0,"54":0,"55":0,"56":0,"57":0,"58":0,"59":0,"60":0,"61":0,"62":0,"63":0,"64":0,"65":0,"66":0,"67":0,"68":0,"69":0,"70":0,"71":0,"72":0,"73":0,"74":0,"75":0,"76":0,"77":0},"f":{"0":0,"1":0,"2":0,"3":0,"4":0,"5":0,"6":0},"b":{"0":[0,0],"1":[0,0],"2":[0,0],"3":[0,0],"4":[0,0],"5":[0,0],"6":[0,0],"7":[0,0],"8":[0,0],"9":[0,0],"10":[0,0],"11":[0,0],"12":[0,0]}}
,"/home/runner/work/TouchGrass/TouchGrass/src/detection/healthConnectIntent.ts": {"path":"/home/runner/work/TouchGrass/TouchGrass/src/detection/healthConnectIntent.ts","statementMap":{"0":{"start":{"line":18,"column":2},"end":{"line":21,"column":3}},"1":{"start":{"line":19,"column":4},"end":{"line":19,"column":64}},"2":{"start":{"line":20,"column":4},"end":{"line":20,"column":17}},"3":{"start":{"line":23,"column":2},"end":{"line":96,"column":3}},"4":{"start":{"line":24,"column":17},"end":{"line":24,"column":22}},"5":{"start":{"line":28,"column":4},"end":{"line":40,"column":5}},"6":{"start":{"line":29,"column":6},"end":{"line":39,"column":7}},"7":{"start":{"line":30,"column":23},"end":{"line":30,"column":41}},"8":{"start":{"line":31,"column":27},"end":{"line":31,"column":59}},"9":{"start":{"line":32,"column":8},"end":{"line":36,"column":9}},"10":{"start":{"line":33,"column":10},"end":{"line":33,"column":40}},"11":{"start":{"line":34,"column":10},"end":{"line":34,"column":24}},"12":{"start":{"line":35,"column":10},"end":{"line":35,"column":65}},"13":{"start":{"line":38,"column":8},"end":{"line":38,"column":48}},"14":{"start":{"line":43,"column":4},"end":{"line":55,"column":5}},"15":{"start":{"line":44,"column":6},"end":{"line":54,"column":7}},"16":{"start":{"line":45,"column":28},"end":{"line":45,"column":96}},"17":{"start":{"line":46,"column":32},"end":{"line":46,"column":69}},"18":{"start":{"line":47,"column":8},"end":{"line":51,"column":9}},"19":{"start":{"line":48,"column":10},"end":{"line":48,"column":45}},"20":{"start":{"line":49,"column":10},"end":{"line":49,"column":24}},"21":{"start":{"line":50,"column":10},"end":{"line":50,"column":67}},"22":{"start":{"line":53,"column":8},"end":{"line":53,"column":50}},"23":{"start":{"line":58,"column":4},"end":{"line":70,"column":5}},"24":{"start":{"line":59,"column":6},"end":{"line":69,"column":7}},"25":{"start":{"line":60,"column":27},"end":{"line":60,"column":71}},"26":{"start":{"line":61,"column":31},"end":{"line":61,"column":67}},"27":{"start":{"line":62,"column":8},"end":{"line":66,"column":9}},"28":{"start":{"line":63,"column":10},"end":{"line":63,"column":44}},"29":{"start":{"line":64,"column":10},"end":{"line":64,"column":24}},"30":{"start":{"line":65,"column":10},"end":{"line":65,"column":56}},"31":{"start":{"line":68,"column":8},"end":{"line":68,"column":46}},"32":{"start":{"line":73,"column":4},"end":{"line":85,"column":5}},"33":{"start":{"line":74,"column":6},"end":{"line":84,"column":7}},"34":{"start":{"line":75,"column":29},"end":{"line":75,"column":85}},"35":{"start":{"line":76,"column":30},"end":{"line":76,"column":68}},"36":{"start":{"line":77,"column":8},"end":{"line":81,"column":9}},"37":{"start":{"line":78,"column":10},"end":{"line":78,"column":46}},"38":{"start":{"line":79,"column":10},"end":{"line":79,"column":24}},"39":{"start":{"line":80,"column":10},"end":{"line":80,"column":61}},"40":{"start":{"line":83,"column":8},"end":{"line":83,"column":49}},"41":{"start":{"line":87,"column":4},"end":{"line":90,"column":5}},"42":{"start":{"line":88,"column":6},"end":{"line":88,"column":72}},"43":{"start":{"line":89,"column":6},"end":{"line":89,"column":19}},"44":{"start":{"line":92,"column":4},"end":{"line":92,"column":16}},"45":{"start":{"line":94,"column":4},"end":{"line":94,"column":58}},"46":{"start":{"line":95,"column":4},"end":{"line":95,"column":17}},"47":{"start":{"line":107,"column":2},"end":{"line":147,"column":3}},"48":{"start":{"line":108,"column":4},"end":{"line":108,"column":23}},"49":{"start":{"line":112,"column":16},"end":{"line":112,"column":26}},"50":{"start":{"line":113,"column":22},"end":{"line":113,"column":67}},"51":{"start":{"line":115,"column":19},"end":{"line":121,"column":6}},"52":{"start":{"line":125,"column":4},"end":{"line":125,"column":16}},"53":{"start":{"line":129,"column":25},"end":{"line":129,"column":38}},"54":{"start":{"line":130,"column":23},"end":{"line":130,"column":49}},"55":{"start":{"line":134,"column":6},"end":{"line":136,"column":34}},"56":{"start":{"line":138,"column":4},"end":{"line":141,"column":5}},"57":{"start":{"line":139,"column":6},"end":{"line":139,"column":60}},"58":{"start":{"line":140,"column":6},"end":{"line":140,"column":19}},"59":{"start":{"line":145,"column":4},"end":{"line":145,"column":62}},"60":{"start":{"line":146,"column":4},"end":{"line":146,"column":17}}},"fnMap":{"0":{"name":"openHealthConnectPermissionsViaIntent","decl":{"start":{"line":17,"column":22},"end":{"line":17,"column":59}},"loc":{"start":{"line":17,"column":80},"end":{"line":97,"column":1}},"line":17},"1":{"name":"verifyHealthConnectPermissions","decl":{"start":{"line":106,"column":22},"end":{"line":106,"column":52}},"loc":{"start":{"line":106,"column":73},"end":{"line":148,"column":1}},"line":106}},"branchMap":{"0":{"loc":{"start":{"line":18,"column":2},"end":{"line":21,"column":3}},"type":"if","locations":[{"start":{"line":18,"column":2},"end":{"line":21,"column":3}},{"start":{},"end":{}}],"line":18},"1":{"loc":{"start":{"line":28,"column":4},"end":{"line":40,"column":5}},"type":"if","locations":[{"start":{"line":28,"column":4},"end":{"line":40,"column":5}},{"start":{},"end":{}}],"line":28},"2":{"loc":{"start":{"line":32,"column":8},"end":{"line":36,"column":9}},"type":"if","locations":[{"start":{"line":32,"column":8},"end":{"line":36,"column":9}},{"start":{},"end":{}}],"line":32},"3":{"loc":{"start":{"line":43,"column":4},"end":{"line":55,"column":5}},"type":"if","locations":[{"start":{"line":43,"column":4},"end":{"line":55,"column":5}},{"start":{},"end":{}}],"line":43},"4":{"loc":{"start":{"line":47,"column":8},"end":{"line":51,"column":9}},"type":"if","locations":[{"start":{"line":47,"column":8},"end":{"line":51,"column":9}},{"start":{},"end":{}}],"line":47},"5":{"loc":{"start":{"line":58,"column":4},"end":{"line":70,"column":5}},"type":"if","locations":[{"start":{"line":58,"column":4},"end":{"line":70,"column":5}},{"start":{},"end":{}}],"line":58},"6":{"loc":{"start":{"line":62,"column":8},"end":{"line":66,"column":9}},"type":"if","locations":[{"start":{"line":62,"column":8},"end":{"line":66,"column":9}},{"start":{},"end":{}}],"line":62},"7":{"loc":{"start":{"line":73,"column":4},"end":{"line":85,"column":5}},"type":"if","locations":[{"start":{"line":73,"column":4},"end":{"line":85,"column":5}},{"start":{},"end":{}}],"line":73},"8":{"loc":{"start":{"line":77,"column":8},"end":{"line":81,"column":9}},"type":"if","locations":[{"start":{"line":77,"column":8},"end":{"line":81,"column":9}},{"start":{},"end":{}}],"line":77},"9":{"loc":{"start":{"line":87,"column":4},"end":{"line":90,"column":5}},"type":"if","locations":[{"start":{"line":87,"column":4},"end":{"line":90,"column":5}},{"start":{},"end":{}}],"line":87},"10":{"loc":{"start":{"line":134,"column":6},"end":{"line":136,"column":34}},"type":"binary-expr","locations":[{"start":{"line":134,"column":6},"end":{"line":134,"column":46}},{"start":{"line":135,"column":6},"end":{"line":135,"column":39}},{"start":{"line":136,"column":6},"end":{"line":136,"column":34}}],"line":134},"11":{"loc":{"start":{"line":138,"column":4},"end":{"line":141,"column":5}},"type":"if","locations":[{"start":{"line":138,"column":4},"end":{"line":141,"column":5}},{"start":{},"end":{}}],"line":138}},"s":{"0":0,"1":0,"2":0,"3":0,"4":0,"5":0,"6":0,"7":0,"8":0,"9":0,"10":0,"11":0,"12":0,"13":0,"14":0,"15":0,"16":0,"17":0,"18":0,"19":0,"20":0,"21":0,"22":0,"23":0,"24":0,"25":0,"26":0,"27":0,"28":0,"29":0,"30":0,"31":0,"32":0,"33":0,"34":0,"35":0,"36":0,"37":0,"38":0,"39":0,"40":0,"41":0,"42":0,"43":0,"44":0,"45":0,"46":0,"47":0,"48":0,"49":0,"50":0,"51":0,"52":0,"53":0,"54":0,"55":0,"56":0,"57":0,"58":0,"59":0,"60":0},"f":{"0":0,"1":0},"b":{"0":[0,0],"1":[0,0],"2":[0,0],"3":[0,0],"4":[0,0],"5":[0,0],"6":[0,0],"7":[0,0],"8":[0,0],"9":[0,0],"10":[0,0,0],"11":[0,0]}}
,"/home/runner/work/TouchGrass/TouchGrass/src/detection/index.ts": {"path":"/home/runner/work/TouchGrass/TouchGrass/src/detection/index.ts","statementMap":{"0":{"start":{"line":11,"column":29},"end":{"line":11,"column":57}},"1":{"start":{"line":17,"column":0},"end":{"line":39,"column":3}},"2":{"start":{"line":18,"column":2},"end":{"line":38,"column":3}},"3":{"start":{"line":19,"column":4},"end":{"line":19,"column":30}},"4":{"start":{"line":20,"column":4},"end":{"line":20,"column":32}},"5":{"start":{"line":23,"column":4},"end":{"line":31,"column":5}},"6":{"start":{"line":24,"column":29},"end":{"line":24,"column":71}},"7":{"start":{"line":25,"column":6},"end":{"line":27,"column":7}},"8":{"start":{"line":26,"column":8},"end":{"line":26,"column":37}},"9":{"start":{"line":29,"column":6},"end":{"line":29,"column":77}},"10":{"start":{"line":33,"column":4},"end":{"line":33,"column":33}},"11":{"start":{"line":34,"column":4},"end":{"line":34,"column":55}},"12":{"start":{"line":36,"column":4},"end":{"line":36,"column":46}},"13":{"start":{"line":37,"column":4},"end":{"line":37,"column":54}},"14":{"start":{"line":46,"column":34},"end":{"line":49,"column":3}},"15":{"start":{"line":52,"column":22},"end":{"line":52,"column":54}},"16":{"start":{"line":53,"column":2},"end":{"line":60,"column":3}},"17":{"start":{"line":54,"column":22},"end":{"line":54,"column":70}},"18":{"start":{"line":55,"column":4},"end":{"line":59,"column":5}},"19":{"start":{"line":56,"column":17},"end":{"line":56,"column":42}},"20":{"start":{"line":57,"column":6},"end":{"line":57,"column":32}},"21":{"start":{"line":58,"column":6},"end":{"line":58,"column":58}},"22":{"start":{"line":63,"column":2},"end":{"line":69,"column":3}},"23":{"start":{"line":64,"column":4},"end":{"line":64,"column":34}},"24":{"start":{"line":65,"column":4},"end":{"line":65,"column":22}},"25":{"start":{"line":66,"column":4},"end":{"line":66,"column":35}},"26":{"start":{"line":68,"column":4},"end":{"line":68,"column":39}},"27":{"start":{"line":72,"column":2},"end":{"line":72,"column":33}},"28":{"start":{"line":74,"column":2},"end":{"line":74,"column":16}},"29":{"start":{"line":81,"column":2},"end":{"line":87,"column":3}},"30":{"start":{"line":82,"column":4},"end":{"line":84,"column":7}},"31":{"start":{"line":86,"column":4},"end":{"line":86,"column":59}},"32":{"start":{"line":96,"column":2},"end":{"line":110,"column":3}},"33":{"start":{"line":97,"column":22},"end":{"line":97,"column":54}},"34":{"start":{"line":98,"column":4},"end":{"line":101,"column":5}},"35":{"start":{"line":99,"column":6},"end":{"line":99,"column":66}},"36":{"start":{"line":100,"column":6},"end":{"line":100,"column":19}},"37":{"start":{"line":102,"column":20},"end":{"line":102,"column":52}},"38":{"start":{"line":103,"column":4},"end":{"line":105,"column":5}},"39":{"start":{"line":104,"column":6},"end":{"line":104,"column":47}},"40":{"start":{"line":106,"column":4},"end":{"line":106,"column":19}},"41":{"start":{"line":108,"column":4},"end":{"line":108,"column":53}},"42":{"start":{"line":109,"column":4},"end":{"line":109,"column":17}},"43":{"start":{"line":119,"column":2},"end":{"line":136,"column":3}},"44":{"start":{"line":120,"column":22},"end":{"line":120,"column":54}},"45":{"start":{"line":121,"column":4},"end":{"line":121,"column":33}},"46":{"start":{"line":121,"column":20},"end":{"line":121,"column":33}},"47":{"start":{"line":124,"column":27},"end":{"line":124,"column":65}},"48":{"start":{"line":125,"column":4},"end":{"line":125,"column":68}},"49":{"start":{"line":128,"column":4},"end":{"line":130,"column":5}},"50":{"start":{"line":129,"column":6},"end":{"line":129,"column":32}},"51":{"start":{"line":132,"column":4},"end":{"line":132,"column":26}},"52":{"start":{"line":134,"column":4},"end":{"line":134,"column":45}},"53":{"start":{"line":135,"column":4},"end":{"line":135,"column":17}},"54":{"start":{"line":145,"column":2},"end":{"line":155,"column":3}},"55":{"start":{"line":146,"column":22},"end":{"line":146,"column":54}},"56":{"start":{"line":147,"column":4},"end":{"line":150,"column":5}},"57":{"start":{"line":148,"column":6},"end":{"line":148,"column":66}},"58":{"start":{"line":149,"column":6},"end":{"line":149,"column":19}},"59":{"start":{"line":151,"column":4},"end":{"line":151,"column":50}},"60":{"start":{"line":153,"column":4},"end":{"line":153,"column":59}},"61":{"start":{"line":154,"column":4},"end":{"line":154,"column":17}},"62":{"start":{"line":160,"column":2},"end":{"line":163,"column":4}},"63":{"start":{"line":171,"column":2},"end":{"line":184,"column":3}},"64":{"start":{"line":172,"column":33},"end":{"line":172,"column":79}},"65":{"start":{"line":173,"column":33},"end":{"line":173,"column":79}},"66":{"start":{"line":174,"column":20},"end":{"line":174,"column":68}},"67":{"start":{"line":177,"column":4},"end":{"line":177,"column":51}},"68":{"start":{"line":179,"column":4},"end":{"line":179,"column":19}},"69":{"start":{"line":181,"column":4},"end":{"line":181,"column":51}},"70":{"start":{"line":182,"column":4},"end":{"line":182,"column":35}},"71":{"start":{"line":183,"column":4},"end":{"line":183,"column":17}},"72":{"start":{"line":191,"column":2},"end":{"line":224,"column":3}},"73":{"start":{"line":193,"column":40},"end":{"line":193,"column":86}},"74":{"start":{"line":196,"column":33},"end":{"line":196,"column":83}},"75":{"start":{"line":197,"column":4},"end":{"line":201,"column":5}},"76":{"start":{"line":198,"column":6},"end":{"line":198,"column":37}},"77":{"start":{"line":200,"column":6},"end":{"line":200,"column":19}},"78":{"start":{"line":204,"column":40},"end":{"line":204,"column":86}},"79":{"start":{"line":207,"column":33},"end":{"line":207,"column":83}},"80":{"start":{"line":208,"column":20},"end":{"line":208,"column":42}},"81":{"start":{"line":210,"column":4},"end":{"line":217,"column":5}},"82":{"start":{"line":211,"column":6},"end":{"line":211,"column":36}},"83":{"start":{"line":212,"column":6},"end":{"line":212,"column":37}},"84":{"start":{"line":216,"column":6},"end":{"line":216,"column":37}},"85":{"start":{"line":219,"column":4},"end":{"line":219,"column":19}},"86":{"start":{"line":221,"column":4},"end":{"line":221,"column":53}},"87":{"start":{"line":222,"column":4},"end":{"line":222,"column":35}},"88":{"start":{"line":223,"column":4},"end":{"line":223,"column":17}}},"fnMap":{"0":{"name":"(anonymous_0)","decl":{"start":{"line":17,"column":45},"end":{"line":17,"column":46}},"loc":{"start":{"line":17,"column":57},"end":{"line":39,"column":1}},"line":17},"1":{"name":"initDetection","decl":{"start":{"line":45,"column":22},"end":{"line":45,"column":35}},"loc":{"start":{"line":45,"column":64},"end":{"line":75,"column":1}},"line":45},"2":{"name":"registerBackgroundTask","decl":{"start":{"line":80,"column":15},"end":{"line":80,"column":37}},"loc":{"start":{"line":80,"column":55},"end":{"line":88,"column":1}},"line":80},"3":{"name":"requestHealthConnect","decl":{"start":{"line":95,"column":22},"end":{"line":95,"column":42}},"loc":{"start":{"line":95,"column":63},"end":{"line":111,"column":1}},"line":95},"4":{"name":"recheckHealthConnect","decl":{"start":{"line":118,"column":22},"end":{"line":118,"column":42}},"loc":{"start":{"line":118,"column":63},"end":{"line":137,"column":1}},"line":118},"5":{"name":"openHealthConnectSettings","decl":{"start":{"line":144,"column":22},"end":{"line":144,"column":47}},"loc":{"start":{"line":144,"column":68},"end":{"line":156,"column":1}},"line":144},"6":{"name":"getDetectionStatus","decl":{"start":{"line":159,"column":16},"end":{"line":159,"column":34}},"loc":{"start":{"line":159,"column":54},"end":{"line":164,"column":1}},"line":159},"7":{"name":"checkGPSPermissions","decl":{"start":{"line":170,"column":22},"end":{"line":170,"column":41}},"loc":{"start":{"line":170,"column":62},"end":{"line":185,"column":1}},"line":170},"8":{"name":"requestGPSPermissions","decl":{"start":{"line":190,"column":22},"end":{"line":190,"column":43}},"loc":{"start":{"line":190,"column":64},"end":{"line":225,"column":1}},"line":190}},"branchMap":{"0":{"loc":{"start":{"line":25,"column":6},"end":{"line":27,"column":7}},"type":"if","locations":[{"start":{"line":25,"column":6},"end":{"line":27,"column":7}},{"start":{},"end":{}}],"line":25},"1":{"loc":{"start":{"line":53,"column":2},"end":{"line":60,"column":3}},"type":"if","locations":[{"start":{"line":53,"column":2},"end":{"line":60,"column":3}},{"start":{},"end":{}}],"line":53},"2":{"loc":{"start":{"line":55,"column":4},"end":{"line":59,"column":5}},"type":"if","locations":[{"start":{"line":55,"column":4},"end":{"line":59,"column":5}},{"start":{},"end":{}}],"line":55},"3":{"loc":{"start":{"line":58,"column":42},"end":{"line":58,"column":56}},"type":"cond-expr","locations":[{"start":{"line":58,"column":47},"end":{"line":58,"column":50}},{"start":{"line":58,"column":53},"end":{"line":58,"column":56}}],"line":58},"4":{"loc":{"start":{"line":98,"column":4},"end":{"line":101,"column":5}},"type":"if","locations":[{"start":{"line":98,"column":4},"end":{"line":101,"column":5}},{"start":{},"end":{}}],"line":98},"5":{"loc":{"start":{"line":103,"column":4},"end":{"line":105,"column":5}},"type":"if","locations":[{"start":{"line":103,"column":4},"end":{"line":105,"column":5}},{"start":{},"end":{}}],"line":103},"6":{"loc":{"start":{"line":121,"column":4},"end":{"line":121,"column":33}},"type":"if","locations":[{"start":{"line":121,"column":4},"end":{"line":121,"column":33}},{"start":{},"end":{}}],"line":121},"7":{"loc":{"start":{"line":125,"column":40},"end":{"line":125,"column":66}},"type":"cond-expr","locations":[{"start":{"line":125,"column":57},"end":{"line":125,"column":60}},{"start":{"line":125,"column":63},"end":{"line":125,"column":66}}],"line":125},"8":{"loc":{"start":{"line":128,"column":4},"end":{"line":130,"column":5}},"type":"if","locations":[{"start":{"line":128,"column":4},"end":{"line":130,"column":5}},{"start":{},"end":{}}],"line":128},"9":{"loc":{"start":{"line":147,"column":4},"end":{"line":150,"column":5}},"type":"if","locations":[{"start":{"line":147,"column":4},"end":{"line":150,"column":5}},{"start":{},"end":{}}],"line":147},"10":{"loc":{"start":{"line":174,"column":20},"end":{"line":174,"column":68}},"type":"binary-expr","locations":[{"start":{"line":174,"column":20},"end":{"line":174,"column":42}},{"start":{"line":174,"column":46},"end":{"line":174,"column":68}}],"line":174},"11":{"loc":{"start":{"line":177,"column":30},"end":{"line":177,"column":49}},"type":"cond-expr","locations":[{"start":{"line":177,"column":40},"end":{"line":177,"column":43}},{"start":{"line":177,"column":46},"end":{"line":177,"column":49}}],"line":177},"12":{"loc":{"start":{"line":197,"column":4},"end":{"line":201,"column":5}},"type":"if","locations":[{"start":{"line":197,"column":4},"end":{"line":201,"column":5}},{"start":{},"end":{}}],"line":197},"13":{"loc":{"start":{"line":210,"column":4},"end":{"line":217,"column":5}},"type":"if","locations":[{"start":{"line":210,"column":4},"end":{"line":217,"column":5}},{"start":{"line":213,"column":11},"end":{"line":217,"column":5}}],"line":210}},"s":{"0":0,"1":0,"2":0,"3":0,"4":0,"5":0,"6":0,"7":0,"8":0,"9":0,"10":0,"11":0,"12":0,"13":0,"14":0,"15":0,"16":0,"17":0,"18":0,"19":0,"20":0,"21":0,"22":0,"23":0,"24":0,"25":0,"26":0,"27":0,"28":0,"29":0,"30":0,"31":0,"32":0,"33":0,"34":0,"35":0,"36":0,"37":0,"38":0,"39":0,"40":0,"41":0,"42":0,"43":0,"44":0,"45":0,"46":0,"47":0,"48":0,"49":0,"50":0,"51":0,"52":0,"53":0,"54":0,"55":0,"56":0,"57":0,"58":0,"59":0,"60":0,"61":0,"62":0,"63":0,"64":0,"65":0,"66":0,"67":0,"68":0,"69":0,"70":0,"71":0,"72":0,"73":0,"74":0,"75":0,"76":0,"77":0,"78":0,"79":0,"80":0,"81":0,"82":0,"83":0,"84":0,"85":0,"86":0,"87":0,"88":0},"f":{"0":0,"1":0,"2":0,"3":0,"4":0,"5":0,"6":0,"7":0,"8":0},"b":{"0":[0,0],"1":[0,0],"2":[0,0],"3":[0,0],"4":[0,0],"5":[0,0],"6":[0,0],"7":[0,0],"8":[0,0],"9":[0,0],"10":[0,0],"11":[0,0],"12":[0,0],"13":[0,0]}}
,"/home/runner/work/TouchGrass/TouchGrass/src/detection/manualCheckin.ts": {"path":"/home/runner/work/TouchGrass/TouchGrass/src/detection/manualCheckin.ts","statementMap":{"0":{"start":{"line":3,"column":26},"end":{"line":3,"column":29}},"1":{"start":{"line":11,"column":16},"end":{"line":11,"column":69}},"2":{"start":{"line":12,"column":14},"end":{"line":12,"column":49}},"3":{"start":{"line":14,"column":18},"end":{"line":20,"column":3}},"4":{"start":{"line":23,"column":2},"end":{"line":23,"column":28}},"5":{"start":{"line":25,"column":2},"end":{"line":25,"column":25}},"6":{"start":{"line":33,"column":20},"end":{"line":33,"column":30}},"7":{"start":{"line":35,"column":2},"end":{"line":49,"column":4}},"8":{"start":{"line":36,"column":20},"end":{"line":36,"column":30}},"9":{"start":{"line":37,"column":28},"end":{"line":37,"column":57}},"10":{"start":{"line":40,"column":20},"end":{"line":46,"column":5}},"11":{"start":{"line":48,"column":4},"end":{"line":48,"column":27}}},"fnMap":{"0":{"name":"logManualSession","decl":{"start":{"line":10,"column":16},"end":{"line":10,"column":32}},"loc":{"start":{"line":10,"column":84},"end":{"line":26,"column":1}},"line":10},"1":{"name":"startManualSession","decl":{"start":{"line":32,"column":16},"end":{"line":32,"column":34}},"loc":{"start":{"line":32,"column":49},"end":{"line":50,"column":1}},"line":32},"2":{"name":"stopManualSession","decl":{"start":{"line":35,"column":18},"end":{"line":35,"column":35}},"loc":{"start":{"line":35,"column":38},"end":{"line":49,"column":3}},"line":35}},"branchMap":{"0":{"loc":{"start":{"line":11,"column":16},"end":{"line":11,"column":69}},"type":"binary-expr","locations":[{"start":{"line":11,"column":16},"end":{"line":11,"column":25}},{"start":{"line":11,"column":29},"end":{"line":11,"column":69}}],"line":11}},"s":{"0":0,"1":0,"2":0,"3":0,"4":0,"5":0,"6":0,"7":0,"8":0,"9":0,"10":0,"11":0},"f":{"0":0,"1":0,"2":0},"b":{"0":[0,0]}}
,"/home/runner/work/TouchGrass/TouchGrass/src/detection/sessionMerger.ts": {"path":"/home/runner/work/TouchGrass/TouchGrass/src/detection/sessionMerger.ts","statementMap":{"0":{"start":{"line":3,"column":21},"end":{"line":3,"column":34}},"1":{"start":{"line":11,"column":22},"end":{"line":11,"column":56}},"2":{"start":{"line":12,"column":20},"end":{"line":12,"column":52}},"3":{"start":{"line":13,"column":19},"end":{"line":13,"column":62}},"4":{"start":{"line":15,"column":2},"end":{"line":19,"column":3}},"5":{"start":{"line":17,"column":4},"end":{"line":17,"column":29}},"6":{"start":{"line":18,"column":4},"end":{"line":18,"column":11}},"7":{"start":{"line":22,"column":15},"end":{"line":22,"column":77}},"8":{"start":{"line":22,"column":41},"end":{"line":22,"column":76}},"9":{"start":{"line":24,"column":2},"end":{"line":32,"column":3}},"10":{"start":{"line":26,"column":4},"end":{"line":30,"column":7}},"11":{"start":{"line":27,"column":6},"end":{"line":29,"column":7}},"12":{"start":{"line":28,"column":8},"end":{"line":28,"column":34}},"13":{"start":{"line":31,"column":4},"end":{"line":31,"column":57}},"14":{"start":{"line":46,"column":26},"end":{"line":46,"column":55}},"15":{"start":{"line":47,"column":2},"end":{"line":55,"column":4}}},"fnMap":{"0":{"name":"submitSession","decl":{"start":{"line":10,"column":16},"end":{"line":10,"column":29}},"loc":{"start":{"line":10,"column":63},"end":{"line":34,"column":1}},"line":10},"1":{"name":"(anonymous_1)","decl":{"start":{"line":22,"column":31},"end":{"line":22,"column":32}},"loc":{"start":{"line":22,"column":41},"end":{"line":22,"column":76}},"line":22},"2":{"name":"(anonymous_2)","decl":{"start":{"line":26,"column":21},"end":{"line":26,"column":22}},"loc":{"start":{"line":26,"column":32},"end":{"line":30,"column":5}},"line":26},"3":{"name":"buildSession","decl":{"start":{"line":39,"column":16},"end":{"line":39,"column":28}},"loc":{"start":{"line":45,"column":18},"end":{"line":56,"column":1}},"line":45}},"branchMap":{"0":{"loc":{"start":{"line":15,"column":2},"end":{"line":19,"column":3}},"type":"if","locations":[{"start":{"line":15,"column":2},"end":{"line":19,"column":3}},{"start":{},"end":{}}],"line":15},"1":{"loc":{"start":{"line":22,"column":41},"end":{"line":22,"column":76}},"type":"cond-expr","locations":[{"start":{"line":22,"column":71},"end":{"line":22,"column":72}},{"start":{"line":22,"column":75},"end":{"line":22,"column":76}}],"line":22},"2":{"loc":{"start":{"line":24,"column":2},"end":{"line":32,"column":3}},"type":"if","locations":[{"start":{"line":24,"column":2},"end":{"line":32,"column":3}},{"start":{},"end":{}}],"line":24},"3":{"loc":{"start":{"line":27,"column":6},"end":{"line":29,"column":7}},"type":"if","locations":[{"start":{"line":27,"column":6},"end":{"line":29,"column":7}},{"start":{},"end":{}}],"line":27},"4":{"loc":{"start":{"line":53,"column":19},"end":{"line":53,"column":49}},"type":"cond-expr","locations":[{"start":{"line":53,"column":41},"end":{"line":53,"column":42}},{"start":{"line":53,"column":45},"end":{"line":53,"column":49}}],"line":53}},"s":{"0":0,"1":0,"2":0,"3":0,"4":0,"5":0,"6":0,"7":0,"8":0,"9":0,"10":0,"11":0,"12":0,"13":0,"14":0,"15":0},"f":{"0":0,"1":0,"2":0,"3":0},"b":{"0":[0,0],"1":[0,0],"2":[0,0],"3":[0,0],"4":[0,0]}}
,"/home/runner/work/TouchGrass/TouchGrass/src/i18n/en.ts": {"path":"/home/runner/work/TouchGrass/TouchGrass/src/i18n/en.ts","statementMap":{},"fnMap":{},"branchMap":{},"s":{},"f":{},"b":{},"_coverageSchema":"1a1c01bbd47fc00a2c39e90264f33305004495a9","hash":"bd984bc5694c028394cc8269d8afd3fc98d2858e"}
[...]
nd":{"line":182,"column":38}},{"start":{"line":182,"column":42},"end":{"line":182,"column":74}}],"line":182},"57":{"loc":{"start":{"line":183,"column":2},"end":{"line":183,"column":125}},"type":"if","locations":[{"start":{"line":183,"column":2},"end":{"line":183,"column":125}},{"start":{},"end":{}}],"line":183},"58":{"loc":{"start":{"line":183,"column":6},"end":{"line":183,"column":90}},"type":"binary-expr","locations":[{"start":{"line":183,"column":6},"end":{"line":183,"column":46}},{"start":{"line":183,"column":50},"end":{"line":183,"column":90}}],"line":183},"59":{"loc":{"start":{"line":184,"column":2},"end":{"line":184,"column":76}},"type":"if","locations":[{"start":{"line":184,"column":2},"end":{"line":184,"column":76}},{"start":{},"end":{}}],"line":184},"60":{"loc":{"start":{"line":185,"column":2},"end":{"line":185,"column":76}},"type":"if","locations":[{"start":{"line":185,"column":2},"end":{"line":185,"column":76}},{"start":{},"end":{}}],"line":185},"61":{"loc":{"start":{"line":196,"column":2},"end":{"line":196,"column":77}},"type":"if","locations":[{"start":{"line":196,"column":2},"end":{"line":196,"column":77}},{"start":{},"end":{}}],"line":196},"62":{"loc":{"start":{"line":196,"column":47},"end":{"line":196,"column":76}},"type":"cond-expr","locations":[{"start":{"line":196,"column":65},"end":{"line":196,"column":69}},{"start":{"line":196,"column":72},"end":{"line":196,"column":76}}],"line":196},"63":{"loc":{"start":{"line":197,"column":2},"end":{"line":197,"column":81}},"type":"if","locations":[{"start":{"line":197,"column":2},"end":{"line":197,"column":81}},{"start":{},"end":{}}],"line":197},"64":{"loc":{"start":{"line":197,"column":50},"end":{"line":197,"column":80}},"type":"cond-expr","locations":[{"start":{"line":197,"column":68},"end":{"line":197,"column":73}},{"start":{"line":197,"column":76},"end":{"line":197,"column":80}}],"line":197},"65":{"loc":{"start":{"line":198,"column":2},"end":{"line":198,"column":55}},"type":"if","locations":[{"start":{"line":198,"column":2},"end":{"line":198,"column":55}},{"start":{},"end":{}}],"line":198},"66":{"loc":{"start":{"line":199,"column":2},"end":{"line":199,"column":51}},"type":"if","locations":[{"start":{"line":199,"column":2},"end":{"line":199,"column":51}},{"start":{},"end":{}}],"line":199},"67":{"loc":{"start":{"line":200,"column":2},"end":{"line":200,"column":47}},"type":"if","locations":[{"start":{"line":200,"column":2},"end":{"line":200,"column":47}},{"start":{},"end":{}}],"line":200},"68":{"loc":{"start":{"line":201,"column":2},"end":{"line":201,"column":95}},"type":"if","locations":[{"start":{"line":201,"column":2},"end":{"line":201,"column":95}},{"start":{},"end":{}}],"line":201},"69":{"loc":{"start":{"line":201,"column":6},"end":{"line":201,"column":80}},"type":"binary-expr","locations":[{"start":{"line":201,"column":6},"end":{"line":201,"column":41}},{"start":{"line":201,"column":45},"end":{"line":201,"column":80}}],"line":201},"70":{"loc":{"start":{"line":202,"column":2},"end":{"line":202,"column":89}},"type":"if","locations":[{"start":{"line":202,"column":2},"end":{"line":202,"column":89}},{"start":{},"end":{}}],"line":202},"71":{"loc":{"start":{"line":202,"column":6},"end":{"line":202,"column":74}},"type":"binary-expr","locations":[{"start":{"line":202,"column":6},"end":{"line":202,"column":38}},{"start":{"line":202,"column":42},"end":{"line":202,"column":74}}],"line":202},"72":{"loc":{"start":{"line":203,"column":2},"end":{"line":203,"column":88}},"type":"if","locations":[{"start":{"line":203,"column":2},"end":{"line":203,"column":88}},{"start":{},"end":{}}],"line":203},"73":{"loc":{"start":{"line":203,"column":6},"end":{"line":203,"column":74}},"type":"binary-expr","locations":[{"start":{"line":203,"column":6},"end":{"line":203,"column":38}},{"start":{"line":203,"column":42},"end":{"line":203,"column":74}}],"line":203},"74":{"loc":{"start":{"line":204,"column":2},"end":{"line":204,"column":105}},"type":"if","locations":[{"start":{"line":204,"column":2},"end":{"line":204,"column":105}},{"start":{},"end":{}}],"line":204},"75":{"loc":{"start":{"line":204,"column":6},"end":{"line":204,"column":90}},"type":"binary-expr","locations":[{"start":{"line":204,"column":6},"end":{"line":204,"column":46}},{"start":{"line":204,"column":50},"end":{"line":204,"column":90}}],"line":204},"76":{"loc":{"start":{"line":205,"column":2},"end":{"line":205,"column":56}},"type":"if","locations":[{"start":{"line":205,"column":2},"end":{"line":205,"column":56}},{"start":{},"end":{}}],"line":205},"77":{"loc":{"start":{"line":206,"column":2},"end":{"line":206,"column":55}},"type":"if","locations":[{"start":{"line":206,"column":2},"end":{"line":206,"column":55}},{"start":{},"end":{}}],"line":206}},"s":{"0":0,"1":0,"2":0,"3":0,"4":0,"5":0,"6":0,"7":0,"8":0,"9":0,"10":0,"11":0,"12":0,"13":0,"14":0,"15":0,"16":0,"17":0,"18":0,"19":0,"20":0,"21":0,"22":0,"23":0,"24":0,"25":0,"26":0,"27":0,"28":0,"29":0,"30":0,"31":0,"32":0,"33":0,"34":0,"35":0,"36":0,"37":0,"38":0,"39":0,"40":0,"41":0,"42":0,"43":0,"44":0,"45":0,"46":0,"47":0,"48":0,"49":0,"50":0,"51":0,"52":0,"53":0,"54":0,"55":0,"56":0,"57":0,"58":0,"59":0,"60":0,"61":0,"62":0,"63":0,"64":0,"65":0,"66":0,"67":0,"68":0,"69":0,"70":0,"71":0,"72":0,"73":0,"74":0,"75":0,"76":0,"77":0,"78":0,"79":0,"80":0,"81":0,"82":0,"83":0,"84":0,"85":0,"86":0,"87":0,"88":0,"89":0,"90":0,"91":0,"92":0,"93":0,"94":0,"95":0,"96":0,"97":0,"98":0,"99":0,"100":0,"101":0,"102":0,"103":0,"104":0,"105":0,"106":0,"107":0,"108":0,"109":0,"110":0,"111":0,"112":0,"113":0,"114":0,"115":0,"116":0,"117":0,"118":0,"119":0,"120":0,"121":0,"122":0,"123":0,"124":0,"125":0,"126":0,"127":0,"128":0,"129":0,"130":0,"131":0,"132":0},"f":{"0":0,"1":0,"2":0,"3":0},"b":{"0":[0,0],"1":[0,0],"2":[0,0],"3":[0,0],"4":[0,0],"5":[0,0],"6":[0,0],"7":[0,0,0],"8":[0,0],"9":[0,0,0],"10":[0,0],"11":[0,0],"12":[0,0],"13":[0,0],"14":[0,0],"15":[0,0],"16":[0,0],"17":[0,0],"18":[0,0],"19":[0,0],"20":[0,0],"21":[0,0],"22":[0,0],"23":[0,0],"24":[0,0],"25":[0,0],"26":[0,0],"27":[0,0],"28":[0,0],"29":[0,0],"30":[0,0],"31":[0,0],"32":[0,0],"33":[0,0],"34":[0,0],"35":[0,0,0],"36":[0,0],"37":[0,0,0],"38":[0,0],"39":[0,0],"40":[0,0],"41":[0,0,0],"42":[0,0],"43":[0,0],"44":[0,0],"45":[0,0,0,0,0,0,0],"46":[0,0],"47":[0,0],"48":[0,0],"49":[0,0],"50":[0,0],"51":[0,0],"52":[0,0],"53":[0,0],"54":[0,0],"55":[0,0],"56":[0,0],"57":[0,0],"58":[0,0],"59":[0,0],"60":[0,0],"61":[0,0],"62":[0,0],"63":[0,0],"64":[0,0],"65":[0,0],"66":[0,0],"67":[0,0],"68":[0,0],"69":[0,0],"70":[0,0],"71":[0,0],"72":[0,0],"73":[0,0],"74":[0,0],"75":[0,0],"76":[0,0],"77":[0,0]}}
,"/home/runner/work/TouchGrass/TouchGrass/src/weather/weatherBackgroundTask.ts": {"path":"/home/runner/work/TouchGrass/TouchGrass/src/weather/weatherBackgroundTask.ts","statementMap":{"0":{"start":{"line":11,"column":32},"end":{"line":11,"column":58}},"1":{"start":{"line":17,"column":0},"end":{"line":40,"column":3}},"2":{"start":{"line":18,"column":2},"end":{"line":39,"column":3}},"3":{"start":{"line":21,"column":27},"end":{"line":21,"column":69}},"4":{"start":{"line":22,"column":4},"end":{"line":24,"column":5}},"5":{"start":{"line":23,"column":6},"end":{"line":23,"column":58}},"6":{"start":{"line":27,"column":19},"end":{"line":27,"column":47}},"7":{"start":{"line":29,"column":4},"end":{"line":35,"column":5}},"8":{"start":{"line":30,"column":6},"end":{"line":30,"column":57}},"9":{"start":{"line":31,"column":6},"end":{"line":31,"column":59}},"10":{"start":{"line":33,"column":6},"end":{"line":33,"column":69}},"11":{"start":{"line":34,"column":6},"end":{"line":34,"column":58}},"12":{"start":{"line":37,"column":4},"end":{"line":37,"column":60}},"13":{"start":{"line":38,"column":4},"end":{"line":38,"column":56}},"14":{"start":{"line":47,"column":2},"end":{"line":61,"column":3}},"15":{"start":{"line":49,"column":25},"end":{"line":49,"column":89}},"16":{"start":{"line":51,"column":4},"end":{"line":58,"column":5}},"17":{"start":{"line":52,"column":6},"end":{"line":56,"column":9}},"18":{"start":{"line":57,"column":6},"end":{"line":57,"column":57}},"19":{"start":{"line":60,"column":4},"end":{"line":60,"column":73}},"20":{"start":{"line":69,"column":2},"end":{"line":78,"column":3}},"21":{"start":{"line":70,"column":25},"end":{"line":70,"column":89}},"22":{"start":{"line":72,"column":4},"end":{"line":75,"column":5}},"23":{"start":{"line":73,"column":6},"end":{"line":73,"column":73}},"24":{"start":{"line":74,"column":6},"end":{"line":74,"column":59}},"25":{"start":{"line":77,"column":4},"end":{"line":77,"column":75}}},"fnMap":{"0":{"name":"(anonymous_0)","decl":{"start":{"line":17,"column":48},"end":{"line":17,"column":49}},"loc":{"start":{"line":17,"column":60},"end":{"line":40,"column":1}},"line":17},"1":{"name":"registerWeatherBackgroundFetch","decl":{"start":{"line":46,"column":22},"end":{"line":46,"column":52}},"loc":{"start":{"line":46,"column":70},"end":{"line":62,"column":1}},"line":46},"2":{"name":"unregisterWeatherBackgroundFetch","decl":{"start":{"line":68,"column":22},"end":{"line":68,"column":54}},"loc":{"start":{"line":68,"column":72},"end":{"line":79,"column":1}},"line":68}},"branchMap":{"0":{"loc":{"start":{"line":22,"column":4},"end":{"line":24,"column":5}},"type":"if","locations":[{"start":{"line":22,"column":4},"end":{"line":24,"column":5}},{"start":{},"end":{}}],"line":22},"1":{"loc":{"start":{"line":29,"column":4},"end":{"line":35,"column":5}},"type":"if","locations":[{"start":{"line":29,"column":4},"end":{"line":35,"column":5}},{"start":{"line":32,"column":11},"end":{"line":35,"column":5}}],"line":29},"2":{"loc":{"start":{"line":51,"column":4},"end":{"line":58,"column":5}},"type":"if","locations":[{"start":{"line":51,"column":4},"end":{"line":58,"column":5}},{"start":{},"end":{}}],"line":51},"3":{"loc":{"start":{"line":72,"column":4},"end":{"line":75,"column":5}},"type":"if","locations":[{"start":{"line":72,"column":4},"end":{"line":75,"column":5}},{"start":{},"end":{}}],"line":72}},"s":{"0":0,"1":0,"2":0,"3":0,"4":0,"5":0,"6":0,"7":0,"8":0,"9":0,"10":0,"11":0,"12":0,"13":0,"14":0,"15":0,"16":0,"17":0,"18":0,"19":0,"20":0,"21":0,"22":0,"23":0,"24":0,"25":0},"f":{"0":0,"1":0,"2":0},"b":{"0":[0,0],"1":[0,0],"2":[0,0],"3":[0,0]}}
,"/home/runner/work/TouchGrass/TouchGrass/src/weather/weatherService.ts": {"path":"/home/runner/work/TouchGrass/TouchGrass/src/weather/weatherService.ts","statementMap":{"0":{"start":{"line":17,"column":23},"end":{"line":17,"column":63}},"1":{"start":{"line":18,"column":26},"end":{"line":18,"column":40}},"2":{"start":{"line":19,"column":36},"end":{"line":19,"column":38}},"3":{"start":{"line":32,"column":2},"end":{"line":109,"column":3}},"4":{"start":{"line":34,"column":18},"end":{"line":34,"column":35}},"5":{"start":{"line":35,"column":16},"end":{"line":35,"column":26}},"6":{"start":{"line":37,"column":4},"end":{"line":45,"column":5}},"7":{"start":{"line":39,"column":25},"end":{"line":39,"column":43}},"8":{"start":{"line":40,"column":25},"end":{"line":40,"column":71}},"9":{"start":{"line":42,"column":6},"end":{"line":44,"column":7}},"10":{"start":{"line":43,"column":8},"end":{"line":43,"column":45}},"11":{"start":{"line":48,"column":23},"end":{"line":48,"column":73}},"12":{"start":{"line":49,"column":4},"end":{"line":51,"column":5}},"13":{"start":{"line":50,"column":6},"end":{"line":50,"column":69}},"14":{"start":{"line":53,"column":21},"end":{"line":55,"column":6}},"15":{"start":{"line":57,"column":36},"end":{"line":57,"column":51}},"16":{"start":{"line":60,"column":19},"end":{"line":74,"column":6}},"17":{"start":{"line":76,"column":21},"end":{"line":76,"column":74}},"18":{"start":{"line":78,"column":4},"end":{"line":80,"column":5}},"19":{"start":{"line":79,"column":6},"end":{"line":79,"column":72}},"20":{"start":{"line":82,"column":17},"end":{"line":82,"column":38}},"21":{"start":{"line":85,"column":23},"end":{"line":85,"column":50}},"22":{"start":{"line":87,"column":4},"end":{"line":103,"column":5}},"23":{"start":{"line":89,"column":6},"end":{"line":89,"column":35}},"24":{"start":{"line":92,"column":6},"end":{"line":92,"column":40}},"25":{"start":{"line":95,"column":6},"end":{"line":100,"column":9}},"26":{"start":{"line":102,"column":6},"end":{"line":102,"column":43}},"27":{"start":{"line":105,"column":4},"end":{"line":105,"column":66}},"28":{"start":{"line":107,"column":4},"end":{"line":107,"column":49}},"29":{"start":{"line":108,"column":4},"end":{"line":108,"column":95}},"30":{"start":{"line":117,"column":14},"end":{"line":117,"column":24}},"31":{"start":{"line":118,"column":21},"end":{"line":118,"column":39}},"32":{"start":{"line":119,"column":21},"end":{"line":119,"column":76}},"33":{"start":{"line":121,"column":2},"end":{"line":121,"column":54}},"34":{"start":{"line":128,"column":16},"end":{"line":128,"column":33}},"35":{"start":{"line":129,"column":14},"end":{"line":129,"column":24}},"36":{"start":{"line":131,"column":2},"end":{"line":133,"column":3}},"37":{"start":{"line":132,"column":4},"end":{"line":132,"column":17}},"38":{"start":{"line":136,"column":21},"end":{"line":136,"column":39}},"39":{"start":{"line":137,"column":21},"end":{"line":137,"column":67}},"40":{"start":{"line":139,"column":2},"end":{"line":139,"column":31}},"41":{"start":{"line":145,"column":41},"end":{"line":145,"column":43}},"42":{"start":{"line":147,"column":2},"end":{"line":149,"column":3}},"43":{"start":{"line":148,"column":4},"end":{"line":148,"column":22}},"44":{"start":{"line":151,"column":21},"end":{"line":151,"column":25}},"45":{"start":{"line":152,"column":17},"end":{"line":152,"column":35}},"46":{"start":{"line":154,"column":2},"end":{"line":171,"column":3}},"47":{"start":{"line":154,"column":15},"end":{"line":154,"column":16}},"48":{"start":{"line":155,"column":25},"end":{"line":155,"column":49}},"49":{"start":{"line":156,"column":25},"end":{"line":156,"column":62}},"50":{"start":{"line":157,"column":25},"end":{"line":157,"column":48}},"51":{"start":{"line":159,"column":4},"end":{"line":170,"column":7}},"52":{"start":{"line":173,"column":2},"end":{"line":173,"column":20}},"53":{"start":{"line":177,"column":15},"end":{"line":177,"column":34}},"54":{"start":{"line":178,"column":2},"end":{"line":178,"column":28}},"55":{"start":{"line":179,"column":2},"end":{"line":179,"column":24}}},"fnMap":{"0":{"name":"fetchWeatherForecast","decl":{"start":{"line":31,"column":22},"end":{"line":31,"column":42}},"loc":{"start":{"line":31,"column":74},"end":{"line":110,"column":1}},"line":31},"1":{"name":"getWeatherForHour","decl":{"start":{"line":116,"column":16},"end":{"line":116,"column":33}},"loc":{"start":{"line":116,"column":73},"end":{"line":122,"column":1}},"line":116},"2":{"name":"isWeatherDataAvailable","decl":{"start":{"line":127,"column":16},"end":{"line":127,"column":38}},"loc":{"start":{"line":127,"column":50},"end":{"line":140,"column":1}},"line":127},"3":{"name":"parseWeatherData","decl":{"start":{"line":144,"column":9},"end":{"line":144,"column":25}},"loc":{"start":{"line":144,"column":76},"end":{"line":174,"column":1}},"line":144},"4":{"name":"getStartOfDay","decl":{"start":{"line":176,"column":9},"end":{"line":176,"column":22}},"loc":{"start":{"line":176,"column":50},"end":{"line":180,"column":1}},"line":176}},"branchMap":{"0":{"loc":{"start":{"line":37,"column":4},"end":{"line":45,"column":5}},"type":"if","locations":[{"start":{"line":37,"column":4},"end":{"line":45,"column":5}},{"start":{},"end":{}}],"line":37},"1":{"loc":{"start":{"line":37,"column":8},"end":{"line":37,"column":38}},"type":"binary-expr","locations":[{"start":{"line":37,"column":8},"end":{"line":37,"column":13}},{"start":{"line":37,"column":17},"end":{"line":37,"column":38}}],"line":37},"2":{"loc":{"start":{"line":42,"column":6},"end":{"line":44,"column":7}},"type":"if","locations":[{"start":{"line":42,"column":6},"end":{"line":44,"column":7}},{"start":{},"end":{}}],"line":42},"3":{"loc":{"start":{"line":49,"column":4},"end":{"line":51,"column":5}},"type":"if","locations":[{"start":{"line":49,"column":4},"end":{"line":51,"column":5}},{"start":{},"end":{}}],"line":49},"4":{"loc":{"start":{"line":78,"column":4},"end":{"line":80,"column":5}},"type":"if","locations":[{"start":{"line":78,"column":4},"end":{"line":80,"column":5}},{"start":{},"end":{}}],"line":78},"5":{"loc":{"start":{"line":87,"column":4},"end":{"line":103,"column":5}},"type":"if","locations":[{"start":{"line":87,"column":4},"end":{"line":103,"column":5}},{"start":{},"end":{}}],"line":87},"6":{"loc":{"start":{"line":108,"column":36},"end":{"line":108,"column":92}},"type":"cond-expr","locations":[{"start":{"line":108,"column":61},"end":{"line":108,"column":74}},{"start":{"line":108,"column":77},"end":{"line":108,"column":92}}],"line":108},"7":{"loc":{"start":{"line":121,"column":9},"end":{"line":121,"column":53}},"type":"cond-expr","locations":[{"start":{"line":121,"column":33},"end":{"line":121,"column":46}},{"start":{"line":121,"column":49},"end":{"line":121,"column":53}}],"line":121},"8":{"loc":{"start":{"line":131,"column":2},"end":{"line":133,"column":3}},"type":"if","locations":[{"start":{"line":131,"column":2},"end":{"line":133,"column":3}},{"start":{},"end":{}}],"line":131},"9":{"loc":{"start":{"line":131,"column":6},"end":{"line":131,"column":38}},"type":"binary-expr","locations":[{"start":{"line":131,"column":6},"end":{"line":131,"column":12}},{"start":{"line":131,"column":16},"end":{"line":131,"column":38}}],"line":131},"10":{"loc":{"start":{"line":147,"column":2},"end":{"line":149,"column":3}},"type":"if","locations":[{"start":{"line":147,"column":2},"end":{"line":149,"column":3}},{"start":{},"end":{}}],"line":147},"11":{"loc":{"start":{"line":147,"column":6},"end":{"line":147,"column":39}},"type":"binary-expr","locations":[{"start":{"line":147,"column":6},"end":{"line":147,"column":18}},{"start":{"line":147,"column":22},"end":{"line":147,"column":39}}],"line":147},"12":{"loc":{"start":{"line":163,"column":19},"end":{"line":163,"column":76}},"type":"binary-expr","locations":[{"start":{"line":163,"column":19},"end":{"line":163,"column":45}},{"start":{"line":163,"column":49},"end":{"line":163,"column":76}}],"line":163},"13":{"loc":{"start":{"line":164,"column":32},"end":{"line":164,"column":74}},"type":"binary-expr","locations":[{"start":{"line":164,"column":32},"end":{"line":164,"column":69}},{"start":{"line":164,"column":73},"end":{"line":164,"column":74}}],"line":164},"14":{"loc":{"start":{"line":165,"column":18},"end":{"line":165,"column":46}},"type":"binary-expr","locations":[{"start":{"line":165,"column":18},"end":{"line":165,"column":41}},{"start":{"line":165,"column":45},"end":{"line":165,"column":46}}],"line":165},"15":{"loc":{"start":{"line":166,"column":15},"end":{"line":166,"column":40}},"type":"binary-expr","locations":[{"start":{"line":166,"column":15},"end":{"line":166,"column":35}},{"start":{"line":166,"column":39},"end":{"line":166,"column":40}}],"line":166},"16":{"loc":{"start":{"line":167,"column":17},"end":{"line":167,"column":48}},"type":"binary-expr","locations":[{"start":{"line":167,"column":17},"end":{"line":167,"column":43}},{"start":{"line":167,"column":47},"end":{"line":167,"column":48}}],"line":167},"17":{"loc":{"start":{"line":168,"column":19},"end":{"line":168,"column":48}},"type":"binary-expr","locations":[{"start":{"line":168,"column":19},"end":{"line":168,"column":43}},{"start":{"line":168,"column":47},"end":{"line":168,"column":48}}],"line":168}},"s":{"0":0,"1":0,"2":0,"3":0,"4":0,"5":0,"6":0,"7":0,"8":0,"9":0,"10":0,"11":0,"12":0,"13":0,"14":0,"15":0,"16":0,"17":0,"18":0,"19":0,"20":0,"21":0,"22":0,"23":0,"24":0,"25":0,"26":0,"27":0,"28":0,"29":0,"30":0,"31":0,"32":0,"33":0,"34":0,"35":0,"36":0,"37":0,"38":0,"39":0,"40":0,"41":0,"42":0,"43":0,"44":0,"45":0,"46":0,"47":0,"48":0,"49":0,"50":0,"51":0,"52":0,"53":0,"54":0,"55":0},"f":{"0":0,"1":0,"2":0,"3":0,"4":0},"b":{"0":[0,0],"1":[0,0],"2":[0,0],"3":[0,0],"4":[0,0],"5":[0,0],"6":[0,0],"7":[0,0],"8":[0,0],"9":[0,0],"10":[0,0],"11":[0,0],"12":[0,0],"13":[0,0],"14":[0,0],"15":[0,0],"16":[0,0],"17":[0,0]}}
}
