TN:
SF:src/components/EditLocationSheet.tsx
FN:17,EditLocationSheet
FN:22,(anonymous_1)
FN:34,(anonymous_2)
FN:62,(anonymous_3)
FN:73,(anonymous_4)
FN:145,(anonymous_5)
FN:153,(anonymous_6)
FNF:7
FNH:0
FNDA:0,EditLocationSheet
FNDA:0,(anonymous_1)
FNDA:0,(anonymous_2)
FNDA:0,(anonymous_3)
FNDA:0,(anonymous_4)
FNDA:0,(anonymous_5)
FNDA:0,(anonymous_6)
DA:18,0
DA:19,0
DA:20,0
DA:22,0
DA:23,0
DA:24,0
DA:25,0
DA:26,0
DA:28,0
DA:29,0
DA:30,0
DA:34,0
DA:35,0
DA:37,0
DA:38,0
DA:39,0
DA:40,0
DA:42,0
DA:43,0
DA:44,0
DA:47,0
DA:48,0
DA:54,0
DA:55,0
DA:57,0
DA:58,0
DA:62,0
DA:63,0
DA:65,0
DA:74,0
DA:75,0
DA:76,0
DA:77,0
DA:78,0
DA:80,0
DA:81,0
DA:89,0
DA:91,0
DA:145,0
DA:153,0
DA:174,0
LF:41
LH:0
BRDA:23,0,0,0
BRDA:23,0,1,0
BRDA:35,1,0,0
BRDA:35,1,1,0
BRDA:38,2,0,0
BRDA:38,2,1,0
BRDA:42,3,0,0
BRDA:42,3,1,0
BRDA:42,4,0,0
BRDA:42,4,1,0
BRDA:42,4,2,0
BRDA:63,5,0,0
BRDA:63,5,1,0
BRDA:74,6,0,0
BRDA:74,6,1,0
BRDA:89,7,0,0
BRDA:89,7,1,0
BRDA:144,8,0,0
BRDA:144,8,1,0
BRDA:147,9,0,0
BRDA:147,9,1,0
BRDA:152,10,0,0
BRDA:152,10,1,0
BRDA:155,11,0,0
BRDA:155,11,1,0
BRF:25
BRH:0
end_of_record
TN:
SF:src/components/ManualSessionSheet.tsx
FN:21,ManualSessionSheet
FN:38,(anonymous_1)
FN:49,(anonymous_2)
FN:51,(anonymous_3)
FN:58,(anonymous_4)
FN:65,(anonymous_5)
FN:79,(anonymous_6)
FN:87,(anonymous_7)
FN:97,(anonymous_8)
FN:104,(anonymous_9)
FN:142,(anonymous_10)
FN:150,(anonymous_11)
FN:166,(anonymous_12)
FN:173,(anonymous_13)
FN:190,(anonymous_14)
FN:191,(anonymous_15)
FN:203,(anonymous_16)
FN:207,(anonymous_17)
FNF:18
FNH:0
FNDA:0,ManualSessionSheet
FNDA:0,(anonymous_1)
FNDA:0,(anonymous_2)
FNDA:0,(anonymous_3)
FNDA:0,(anonymous_4)
FNDA:0,(anonymous_5)
FNDA:0,(anonymous_6)
FNDA:0,(anonymous_7)
FNDA:0,(anonymous_8)
FNDA:0,(anonymous_9)
FNDA:0,(anonymous_10)
FNDA:0,(anonymous_11)
FNDA:0,(anonymous_12)
FNDA:0,(anonymous_13)
FNDA:0,(anonymous_14)
FNDA:0,(anonymous_15)
FNDA:0,(anonymous_16)
FNDA:0,(anonymous_17)
DA:19,0
DA:22,0
DA:25,0
DA:26,0
DA:27,0
DA:28,0
DA:31,0
DA:32,0
DA:33,0
DA:34,0
DA:35,0
DA:38,0
DA:39,0
DA:40,0
DA:41,0
DA:42,0
DA:43,0
DA:44,0
DA:49,0
DA:50,0
DA:51,0
DA:52,0
DA:53,0
DA:56,0
DA:58,0
DA:59,0
DA:65,0
DA:66,0
DA:67,0
DA:68,0
DA:69,0
DA:71,0
DA:72,0
DA:73,0
DA:74,0
DA:79,0
DA:80,0
DA:81,0
DA:82,0
DA:83,0
DA:84,0
DA:87,0
DA:88,0
DA:89,0
DA:90,0
DA:92,0
DA:93,0
DA:94,0
DA:97,0
DA:98,0
DA:99,0
DA:100,0
DA:101,0
DA:104,0
DA:105,0
DA:106,0
DA:107,0
DA:108,0
DA:109,0
DA:113,0
DA:114,0
DA:115,0
DA:117,0
DA:142,0
DA:150,0
DA:167,0
DA:173,0
DA:190,0
DA:191,0
DA:204,0
DA:207,0
DA:267,0
LF:72
LH:0
BRDA:39,0,0,0
BRDA:39,0,1,0
BRDA:50,1,0,0
BRDA:50,1,1,0
BRDA:56,2,0,0
BRDA:56,2,1,0
BRDA:59,3,0,0
BRDA:59,3,1,0
BRDA:66,4,0,0
BRDA:66,4,1,0
BRDA:67,5,0,0
BRDA:67,5,1,0
BRDA:67,6,0,0
BRDA:67,6,1,0
BRDA:67,6,2,0
BRDA:88,7,0,0
BRDA:88,7,1,0
BRDA:98,8,0,0
BRDA:98,8,1,0
BRDA:108,9,0,0
BRDA:108,9,1,0
BRDA:113,10,0,0
BRDA:113,10,1,0
BRDA:113,11,0,0
BRDA:113,11,1,0
BRDA:141,12,0,0
BRDA:141,12,1,0
BRDA:144,13,0,0
BRDA:144,13,1,0
BRDA:149,14,0,0
BRDA:149,14,1,0
BRDA:152,15,0,0
BRDA:152,15,1,0
BRDA:161,16,0,0
BRDA:161,16,1,0
BRDA:171,17,0,0
BRDA:171,17,1,0
BRDA:171,17,2,0
BRDA:177,18,0,0
BRDA:177,18,1,0
BRDA:177,18,2,0
BRDA:188,19,0,0
BRDA:188,19,1,0
BRDA:206,20,0,0
BRDA:206,20,1,0
BRDA:209,21,0,0
BRDA:209,21,1,0
BRDA:210,22,0,0
BRDA:210,22,1,0
BRDA:217,23,0,0
BRDA:217,23,1,0
BRDA:237,24,0,0
BRDA:237,24,1,0
BRDA:241,25,0,0
BRDA:241,25,1,0
BRDA:244,26,0,0
BRDA:244,26,1,0
BRF:57
BRH:0
end_of_record
TN:
SF:src/components/ProgressRing.tsx
FN:18,ProgressRing
FN:31,(anonymous_1)
FNF:2
FNH:0
FNDA:0,ProgressRing
FNDA:0,(anonymous_1)
DA:16,0
DA:25,0
DA:26,0
DA:27,0
DA:29,0
DA:31,0
DA:32,0
DA:40,0
DA:45,0
DA:46,0
DA:47,0
DA:49,0
DA:86,0
LF:13
LH:0
BRDA:21,0,0,0
BRDA:22,1,0,0
BRDA:23,2,0,0
BRF:3
BRH:0
end_of_record
TN:
SF:src/detection/gpsDetection.ts
FN:23,requestLocationPermissions
FN:34,startLocationTracking
FN:69,stopLocationTracking
FN:79,isAtKnownIndoorLocation
FN:84,(anonymous_4)
FN:95,processLocationUpdate
FN:131,autoDetectLocations
FN:138,(anonymous_7)
FN:143,(anonymous_8)
FN:194,recordLocationForClustering
FN:207,centroid
FN:209,(anonymous_11)
FN:210,(anonymous_12)
FN:216,haversineDistance
FN:226,toRad
FN:233,(anonymous_15)
FNF:16
FNH:0
FNDA:0,requestLocationPermissions
FNDA:0,startLocationTracking
FNDA:0,stopLocationTracking
FNDA:0,isAtKnownIndoorLocation
FNDA:0,(anonymous_4)
FNDA:0,processLocationUpdate
FNDA:0,autoDetectLocations
FNDA:0,(anonymous_7)
FNDA:0,(anonymous_8)
FNDA:0,recordLocationForClustering
FNDA:0,centroid
FNDA:0,(anonymous_11)
FNDA:0,(anonymous_12)
FNDA:0,haversineDistance
FNDA:0,toRad
FNDA:0,(anonymous_15)
DA:9,0
DA:10,0
DA:12,0
DA:13,0
DA:14,0
DA:17,0
DA:18,0
DA:24,0
DA:25,0
DA:26,0
DA:27,0
DA:36,0
DA:37,0
DA:39,0
DA:40,0
DA:41,0
DA:44,0
DA:45,0
DA:46,0
DA:47,0
DA:50,0
DA:51,0
DA:63,0
DA:70,0
DA:71,0
DA:72,0
DA:84,0
DA:85,0
DA:86,0
DA:87,0
DA:96,0
DA:97,0
DA:98,0
DA:100,0
DA:102,0
DA:103,0
DA:104,0
DA:106,0
DA:107,0
DA:108,0
DA:115,0
DA:117,0
DA:118,0
DA:122,0
DA:132,0
DA:133,0
DA:134,0
DA:136,0
DA:138,0
DA:139,0
DA:140,0
DA:143,0
DA:144,0
DA:145,0
DA:146,0
DA:149,0
DA:150,0
DA:152,0
DA:153,0
DA:160,0
DA:163,0
DA:165,0
DA:169,0
DA:176,0
DA:180,0
DA:192,0
DA:195,0
DA:196,0
DA:197,0
DA:198,0
DA:200,0
DA:201,0
DA:203,0
DA:208,0
DA:209,0
DA:210,0
DA:211,0
DA:217,0
DA:218,0
DA:219,0
DA:221,0
DA:223,0
DA:227,0
DA:233,0
DA:234,0
DA:235,0
DA:236,0
DA:238,0
DA:239,0
DA:240,0
LF:90
LH:0
BRDA:25,0,0,0
BRDA:25,0,1,0
BRDA:39,1,0,0
BRDA:39,1,1,0
BRDA:39,2,0,0
BRDA:39,2,1,0
BRDA:45,3,0,0
BRDA:45,3,1,0
BRDA:71,4,0,0
BRDA:71,4,1,0
BRDA:85,5,0,0
BRDA:85,5,1,0
BRDA:100,6,0,0
BRDA:100,6,1,0
BRDA:100,7,0,0
BRDA:100,7,1,0
BRDA:104,8,0,0
BRDA:104,8,1,0
BRDA:104,9,0,0
BRDA:104,9,1,0
BRDA:104,9,2,0
BRDA:107,10,0,0
BRDA:107,10,1,0
BRDA:136,11,0,0
BRDA:136,11,1,0
BRDA:140,12,0,0
BRDA:140,12,1,0
BRDA:146,13,0,0
BRDA:146,13,1,0
BRDA:146,13,2,0
BRDA:146,13,3,0
BRDA:152,14,0,0
BRDA:152,14,1,0
BRDA:152,15,0,0
BRDA:152,15,1,0
BRDA:163,16,0,0
BRDA:163,16,1,0
BRDA:163,17,0,0
BRDA:163,17,1,0
BRDA:165,18,0,0
BRDA:165,18,1,0
BRDA:165,19,0,0
BRDA:165,19,1,0
BRDA:208,20,0,0
BRDA:208,20,1,0
BRDA:234,21,0,0
BRDA:234,21,1,0
BRDA:238,22,0,0
BRDA:238,22,1,0
BRF:49
BRH:0
end_of_record
TN:
SF:src/detection/healthConnect.ts
FN:25,isHealthConnectAvailable
FN:49,requestHealthPermissions
FN:112,openHealthConnectForManagement
FN:135,syncHealthConnect
FN:195,isPermissionError
FN:200,logPermissionWarningOnce
FN:214,isOutdoorExerciseType
FNF:7
FNH:0
FNDA:0,isHealthConnectAvailable
FNDA:0,requestHealthPermissions
FNDA:0,openHealthConnectForManagement
FNDA:0,syncHealthConnect
FNDA:0,isPermissionError
FNDA:0,logPermissionWarningOnce
FNDA:0,isOutdoorExerciseType
DA:13,0
DA:18,0
DA:19,0
DA:20,0
DA:26,0
DA:27,0
DA:28,0
DA:30,0
DA:50,0
DA:51,0
DA:54,0
DA:55,0
DA:56,0
DA:57,0
DA:62,0
DA:63,0
DA:70,0
DA:71,0
DA:72,0
DA:76,0
DA:79,0
DA:83,0
DA:84,0
DA:85,0
DA:86,0
DA:91,0
DA:93,0
DA:94,0
DA:95,0
DA:97,0
DA:98,0
DA:113,0
DA:114,0
DA:118,0
DA:119,0
DA:120,0
DA:121,0
DA:124,0
DA:126,0
DA:127,0
DA:136,0
DA:137,0
DA:138,0
DA:140,0
DA:143,0
DA:144,0
DA:145,0
DA:147,0
DA:148,0
DA:151,0
DA:159,0
DA:160,0
DA:161,0
DA:162,0
DA:164,0
DA:167,0
DA:168,0
DA:170,0
DA:178,0
DA:182,0
DA:183,0
DA:185,0
DA:186,0
DA:187,0
DA:188,0
DA:190,0
DA:191,0
DA:196,0
DA:197,0
DA:201,0
DA:202,0
DA:203,0
DA:204,0
DA:215,0
DA:252,0
LF:75
LH:0
BRDA:55,0,0,0
BRDA:55,0,1,0
BRDA:70,1,0,0
BRDA:70,1,1,0
BRDA:70,2,0,0
BRDA:70,2,1,0
BRDA:84,3,0,0
BRDA:84,3,1,0
BRDA:93,4,0,0
BRDA:93,4,1,0
BRDA:119,5,0,0
BRDA:119,5,1,0
BRDA:138,6,0,0
BRDA:138,6,1,0
BRDA:145,7,0,0
BRDA:145,7,1,0
BRDA:164,8,0,0
BRDA:164,8,1,0
BRDA:168,9,0,0
BRDA:168,9,1,0
BRDA:185,10,0,0
BRDA:185,10,1,0
BRDA:197,11,0,0
BRDA:197,11,1,0
BRDA:202,12,0,0
BRDA:202,12,1,0
BRF:26
BRH:0
end_of_record
TN:
SF:src/detection/healthConnectIntent.ts
FN:17,openHealthConnectPermissionsViaIntent
FN:106,verifyHealthConnectPermissions
FNF:2
FNH:0
FNDA:0,openHealthConnectPermissionsViaIntent
FNDA:0,verifyHealthConnectPermissions
DA:18,0
DA:19,0
DA:20,0
DA:23,0
DA:24,0
DA:28,0
DA:29,0
DA:30,0
DA:31,0
DA:32,0
DA:33,0
DA:34,0
DA:35,0
DA:38,0
DA:43,0
DA:44,0
DA:45,0
DA:46,0
DA:47,0
DA:48,0
DA:49,0
DA:50,0
DA:53,0
DA:58,0
DA:59,0
DA:60,0
DA:61,0
DA:62,0
DA:63,0
DA:64,0
DA:65,0
DA:68,0
DA:73,0
DA:74,0
DA:75,0
DA:76,0
DA:77,0
DA:78,0
DA:79,0
DA:80,0
DA:83,0
DA:87,0
DA:88,0
DA:89,0
DA:92,0
DA:94,0
DA:95,0
DA:107,0
DA:108,0
DA:112,0
DA:113,0
DA:115,0
DA:125,0
DA:129,0
DA:130,0
DA:134,0
DA:138,0
DA:139,0
DA:140,0
DA:145,0
DA:146,0
LF:61
LH:0
BRDA:18,0,0,0
BRDA:18,0,1,0
BRDA:28,1,0,0
BRDA:28,1,1,0
BRDA:32,2,0,0
BRDA:32,2,1,0
BRDA:43,3,0,0
BRDA:43,3,1,0
BRDA:47,4,0,0
BRDA:47,4,1,0
BRDA:58,5,0,0
BRDA:58,5,1,0
BRDA:62,6,0,0
BRDA:62,6,1,0
BRDA:73,7,0,0
BRDA:73,7,1,0
BRDA:77,8,0,0
BRDA:77,8,1,0
BRDA:87,9,0,0
BRDA:87,9,1,0
BRDA:134,10,0,0
BRDA:134,10,1,0
BRDA:134,10,2,0
BRDA:138,11,0,0
BRDA:138,11,1,0
BRF:25
BRH:0
end_of_record
TN:
SF:src/detection/index.ts
FN:17,(anonymous_0)
FN:45,initDetection
FN:80,registerBackgroundTask
FN:95,requestHealthConnect
FN:118,recheckHealthConnect
FN:144,openHealthConnectSettings
FN:159,getDetectionStatus
FN:170,checkGPSPermissions
FN:190,requestGPSPermissions
FNF:9
FNH:0
FNDA:0,(anonymous_0)
FNDA:0,initDetection
FNDA:0,registerBackgroundTask
FNDA:0,requestHealthConnect
FNDA:0,recheckHealthConnect
FNDA:0,openHealthConnectSettings
FNDA:0,getDetectionStatus
FNDA:0,checkGPSPermissions
FNDA:0,requestGPSPermissions
DA:11,0
DA:17,0
DA:18,0
DA:19,0
DA:20,0
DA:23,0
DA:24,0
DA:25,0
DA:26,0
DA:29,0
DA:33,0
DA:34,0
DA:36,0
DA:37,0
DA:46,0
DA:52,0
DA:53,0
DA:54,0
DA:55,0
DA:56,0
DA:57,0
DA:58,0
DA:63,0
DA:64,0
DA:65,0
DA:66,0
DA:68,0
DA:72,0
DA:74,0
DA:81,0
DA:82,0
DA:86,0
DA:96,0
DA:97,0
DA:98,0
DA:99,0
DA:100,0
DA:102,0
DA:103,0
DA:104,0
DA:106,0
DA:108,0
DA:109,0
DA:119,0
DA:120,0
DA:121,0
DA:124,0
DA:125,0
DA:128,0
DA:129,0
DA:132,0
DA:134,0
DA:135,0
DA:145,0
DA:146,0
DA:147,0
DA:148,0
DA:149,0
DA:151,0
DA:153,0
DA:154,0
DA:160,0
DA:171,0
DA:172,0
DA:173,0
DA:174,0
DA:177,0
DA:179,0
DA:181,0
DA:182,0
DA:183,0
DA:191,0
DA:193,0
DA:196,0
DA:197,0
DA:198,0
DA:200,0
DA:204,0
DA:207,0
DA:208,0
DA:210,0
DA:211,0
DA:212,0
DA:216,0
DA:219,0
DA:221,0
DA:222,0
DA:223,0
LF:88
LH:0
BRDA:25,0,0,0
BRDA:25,0,1,0
BRDA:53,1,0,0
BRDA:53,1,1,0
BRDA:55,2,0,0
BRDA:55,2,1,0
BRDA:58,3,0,0
BRDA:58,3,1,0
BRDA:98,4,0,0
BRDA:98,4,1,0
BRDA:103,5,0,0
BRDA:103,5,1,0
BRDA:121,6,0,0
BRDA:121,6,1,0
BRDA:125,7,0,0
BRDA:125,7,1,0
BRDA:128,8,0,0
BRDA:128,8,1,0
BRDA:147,9,0,0
BRDA:147,9,1,0
BRDA:174,10,0,0
BRDA:174,10,1,0
BRDA:177,11,0,0
BRDA:177,11,1,0
BRDA:197,12,0,0
BRDA:197,12,1,0
BRDA:210,13,0,0
BRDA:210,13,1,0
BRF:28
BRH:0
end_of_record
TN:
SF:src/detection/manualCheckin.ts
FN:10,logManualSession
FN:32,startManualSession
FN:35,stopManualSession
FNF:3
FNH:0
FNDA:0,logManualSession
FNDA:0,startManualSession
FNDA:0,stopManualSession
DA:3,0
DA:11,0
DA:12,0
DA:14,0
DA:23,0
DA:25,0
DA:33,0
DA:35,0
DA:36,0
DA:37,0
DA:40,0
DA:48,0
LF:12
LH:0
BRDA:11,0,0,0
BRDA:11,0,1,0
BRF:2
BRH:0
end_of_record
TN:
SF:src/detection/sessionMerger.ts
FN:10,submitSession
FN:22,(anonymous_1)
FN:26,(anonymous_2)
FN:39,buildSession
FNF:4
FNH:0
FNDA:0,submitSession
FNDA:0,(anonymous_1)
FNDA:0,(anonymous_2)
FNDA:0,buildSession
DA:3,0
DA:11,0
DA:12,0
DA:13,0
DA:15,0
DA:17,0
DA:18,0
DA:22,0
DA:24,0
DA:26,0
DA:27,0
DA:28,0
DA:31,0
DA:46,0
DA:47,0
LF:15
LH:0
BRDA:15,0,0,0
BRDA:15,0,1,0
BRDA:22,1,0,0
BRDA:22,1,1,0
BRDA:24,2,0,0
BRDA:24,2,1,0
BRDA:27,3,0,0
BRDA:27,3,1,0
BRDA:53,4,0,0
BRDA:53,4,1,0
BRF:10
BRH:0
end_of_record
TN:
SF:src/i18n/en.ts
FNF:0
FNH:0
LF:0
LH:0
BRF:0
BRH:0
end_of_record
TN:
SF:src/i18n/index.ts
FN:17,t
FN:22,localeTag
FN:27,formatLocalDate
FN:32,formatLocalTime
FNF:4
FNH:1
FNDA:1892,t
FNDA:0,localeTag
FNDA:0,formatLocalDate
FNDA:0,formatLocalTime
DA:6,1
DA:9,1
DA:10,1
DA:11,1
DA:12,1
DA:18,1892
DA:23,0
DA:28,0
DA:33,0
LF:9
LH:6
BRDA:9,0,0,1
BRDA:9,0,1,0
BRDA:10,1,0,1
BRDA:10,1,1,0
BRF:4
BRH:2
end_of_record
TN:
SF:src/i18n/nl.ts
FNF:0
FNH:0
LF:0
LH:0
BRF:0
BRH:0
end_of_record
TN:
SF:src/navigation/AppNavigator.tsx
FN:37,SettingsStackNavigator
FN:66,TabNavigator
FN:71,(anonymous_2)
FN:72,(anonymous_3)
FN:124,AppNavigator
FN:127,(anonymous_5)
FN:128,(anonymous_6)
FN:143,(anonymous_7)
FNF:8
FNH:0
FNDA:0,SettingsStackNavigator
FNDA:0,TabNavigator
FNDA:0,(anonymous_2)
FNDA:0,(anonymous_3)
FNDA:0,AppNavigator
FNDA:0,(anonymous_5)
FNDA:0,(anonymous_6)
FNDA:0,(anonymous_7)
DA:26,0
DA:27,0
DA:29,0
DA:38,0
DA:67,0
DA:69,0
DA:71,0
DA:73,0
DA:125,0
DA:127,0
DA:128,0
DA:130,0
DA:131,0
DA:132,0
DA:133,0
DA:134,0
DA:136,0
DA:140,0
DA:143,0
DA:144,0
DA:148,0
LF:21
LH:0
BRDA:73,0,0,0
BRDA:73,0,1,0
BRDA:73,1,0,0
BRDA:73,1,1,0
BRDA:130,2,0,0
BRDA:130,2,1,0
BRDA:130,3,0,0
BRDA:130,3,1,0
BRDA:132,4,0,0
BRDA:132,4,1,0
BRDA:132,5,0,0
BRDA:132,5,1,0
BRF:12
BRH:0
end_of_record
TN:
SF:src/notifications/notificationManager.ts
FN:34,setupNotificationInfrastructure
FN:55,(anonymous_1)
FN:72,requestNotificationPermissions
FN:124,setupNotifications
FN:134,scheduleNextReminder
FN:187,scheduleDayReminders
FN:207,(anonymous_6)
FN:236,cancelAutomaticReminders
FN:249,handleNotificationResponse
FN:294,buildReminderMessage
FNF:10
FNH:0
FNDA:0,setupNotificationInfrastructure
FNDA:0,(anonymous_1)
FNDA:0,requestNotificationPermissions
FNDA:0,setupNotifications
FNDA:0,scheduleNextReminder
FNDA:0,scheduleDayReminders
FNDA:0,(anonymous_6)
FNDA:0,cancelAutomaticReminders
FNDA:0,handleNotificationResponse
FNDA:0,buildReminderMessage
DA:13,0
DA:22,0
DA:23,0
DA:24,0
DA:26,0
DA:27,0
DA:28,0
DA:36,0
DA:39,0
DA:40,0
DA:47,0
DA:49,0
DA:54,0
DA:55,0
DA:65,0
DA:73,0
DA:74,0
DA:75,0
DA:76,0
DA:80,0
DA:81,0
DA:89,0
DA:98,0
DA:116,0
DA:125,0
DA:126,0
DA:135,0
DA:136,0
DA:137,0
DA:138,0
DA:139,0
DA:141,0
DA:144,0
DA:145,0
DA:146,0
DA:149,0
DA:156,0
DA:157,0
DA:158,0
DA:162,0
DA:165,0
DA:167,0
DA:178,0
DA:179,0
DA:188,0
DA:189,0
DA:190,0
DA:192,0
DA:195,0
DA:196,0
DA:197,0
DA:200,0
DA:202,0
DA:203,0
DA:206,0
DA:207,0
DA:210,0
DA:211,0
DA:212,0
DA:214,0
DA:216,0
DA:237,0
DA:238,0
DA:240,0
DA:241,0
DA:250,0
DA:251,0
DA:252,0
DA:253,0
DA:255,0
DA:260,0
DA:268,0
DA:270,0
DA:272,0
DA:273,0
DA:274,0
DA:279,0
DA:299,0
DA:300,0
DA:302,0
DA:303,0
DA:306,0
DA:307,0
DA:308,0
DA:309,0
DA:310,0
DA:311,0
DA:313,0
DA:317,0
DA:318,0
DA:319,0
DA:320,0
DA:321,0
DA:323,0
DA:324,0
DA:325,0
DA:328,0
DA:333,0
LF:98
LH:0
BRDA:36,0,0,0
BRDA:36,0,1,0
BRDA:74,1,0,0
BRDA:74,1,1,0
BRDA:80,2,0,0
BRDA:80,2,1,0
BRDA:136,3,0,0
BRDA:136,3,1,0
BRDA:141,4,0,0
BRDA:141,4,1,0
BRDA:144,5,0,0
BRDA:144,5,1,0
BRDA:156,6,0,0
BRDA:156,6,1,0
BRDA:189,7,0,0
BRDA:189,7,1,0
BRDA:192,8,0,0
BRDA:192,8,1,0
BRDA:195,9,0,0
BRDA:195,9,1,0
BRDA:207,10,0,0
BRDA:207,10,1,0
BRDA:240,11,0,0
BRDA:240,11,1,0
BRDA:255,12,0,0
BRDA:255,12,1,0
BRDA:256,13,0,0
BRDA:256,13,1,0
BRDA:257,14,0,0
BRDA:257,14,1,0
BRDA:270,15,0,0
BRDA:270,15,1,0
BRDA:276,16,0,0
BRDA:276,16,1,0
BRDA:306,17,0,0
BRDA:306,17,1,0
BRDA:308,18,0,0
BRDA:308,18,1,0
BRDA:310,19,0,0
BRDA:310,19,1,0
BRDA:317,20,0,0
BRDA:317,20,1,0
BRDA:319,21,0,0
BRDA:319,21,1,0
BRDA:320,22,0,0
BRDA:320,22,1,0
BRDA:323,23,0,0
BRDA:323,23,1,0
BRF:48
BRH:0
end_of_record
TN:
SF:src/notifications/reminderAlgorithm.ts
FN:18,scoreReminderHours
FN:57,(anonymous_1)
FN:59,(anonymous_2)
FN:60,(anonymous_3)
FN:61,(anonymous_4)
FN:62,(anonymous_5)
FN:63,(anonymous_6)
FN:136,(anonymous_7)
FN:143,shouldRemindNow
FN:172,(anonymous_9)
FN:183,countOutsideSessionsAtHour
FN:188,(anonymous_11)
FNF:12
FNH:0
FNDA:0,scoreReminderHours
FNDA:0,(anonymous_1)
FNDA:0,(anonymous_2)
FNDA:0,(anonymous_3)
FNDA:0,(anonymous_4)
FNDA:0,(anonymous_5)
FNDA:0,(anonymous_6)
FNDA:0,(anonymous_7)
FNDA:0,shouldRemindNow
FNDA:0,(anonymous_9)
FNDA:0,countOutsideSessionsAtHour
FNDA:0,(anonymous_11)
DA:5,0
DA:23,0
DA:24,0
DA:27,0
DA:28,0
DA:29,0
DA:31,0
DA:33,0
DA:34,0
DA:35,0
DA:39,0
DA:40,0
DA:41,0
DA:44,0
DA:45,0
DA:49,0
DA:50,0
DA:51,0
DA:52,0
DA:53,0
DA:57,0
DA:59,0
DA:60,0
DA:61,0
DA:62,0
DA:63,0
DA:65,0
DA:66,0
DA:67,0
DA:68,0
DA:71,0
DA:72,0
DA:73,0
DA:74,0
DA:77,0
DA:78,0
DA:79,0
DA:80,0
DA:83,0
DA:84,0
DA:85,0
DA:86,0
DA:89,0
DA:90,0
DA:91,0
DA:92,0
DA:97,0
DA:98,0
DA:99,0
DA:100,0
DA:101,0
DA:106,0
DA:107,0
DA:108,0
DA:110,0
DA:111,0
DA:112,0
DA:117,0
DA:118,0
DA:119,0
DA:120,0
DA:121,0
DA:122,0
DA:123,0
DA:124,0
DA:129,0
DA:136,0
DA:149,0
DA:150,0
DA:153,0
DA:154,0
DA:157,0
DA:158,0
DA:161,0
DA:162,0
DA:165,0
DA:166,0
DA:167,0
DA:171,0
DA:172,0
DA:174,0
DA:175,0
DA:178,0
DA:185,0
DA:186,0
DA:188,0
DA:189,0
DA:190,0
LF:88
LH:0
BRDA:33,0,0,0
BRDA:33,0,1,0
BRDA:33,1,0,0
BRDA:33,1,1,0
BRDA:39,2,0,0
BRDA:39,2,1,0
BRDA:50,3,0,0
BRDA:50,3,1,0
BRDA:65,4,0,0
BRDA:65,4,1,0
BRDA:71,5,0,0
BRDA:71,5,1,0
BRDA:77,6,0,0
BRDA:77,6,1,0
BRDA:83,7,0,0
BRDA:83,7,1,0
BRDA:89,8,0,0
BRDA:89,8,1,0
BRDA:98,9,0,0
BRDA:98,9,1,0
BRDA:98,10,0,0
BRDA:98,10,1,0
BRDA:106,11,0,0
BRDA:106,11,1,0
BRDA:106,12,0,0
BRDA:106,12,1,0
BRDA:110,13,0,0
BRDA:110,13,1,0
BRDA:110,14,0,0
BRDA:110,14,1,0
BRDA:118,15,0,0
BRDA:118,15,1,0
BRDA:120,16,0,0
BRDA:120,16,1,0
BRDA:122,17,0,0
BRDA:122,17,1,0
BRDA:124,18,0,0
BRDA:124,18,1,0
BRDA:132,19,0,0
BRDA:132,19,1,0
BRDA:153,20,0,0
BRDA:153,20,1,0
BRDA:157,21,0,0
BRDA:157,21,1,0
BRDA:161,22,0,0
BRDA:161,22,1,0
BRDA:161,23,0,0
BRDA:161,23,1,0
BRDA:166,24,0,0
BRDA:166,24,1,0
BRDA:174,25,0,0
BRDA:174,25,1,0
BRDA:174,26,0,0
BRDA:174,26,1,0
BRDA:175,27,0,0
BRDA:175,27,1,0
BRF:56
BRH:0
end_of_record
TN:
SF:src/notifications/scheduledNotifications.ts
FN:12,setupScheduledNotificationChannel
FN:32,scheduleAllScheduledNotifications
FN:42,(anonymous_2)
FN:60,scheduleNotification
FN:102,hasScheduledNotificationNearby
FN:103,(anonymous_5)
FN:130,cancelAllScheduledNotifications
FNF:7
FNH:7
FNDA:1,setupScheduledNotificationChannel
FNDA:6,scheduleAllScheduledNotifications
FNDA:3,(anonymous_2)
FNDA:2,scheduleNotification
FNDA:4,hasScheduledNotificationNearby
FNDA:4,(anonymous_5)
FNDA:2,cancelAllScheduledNotifications
DA:5,3
DA:6,3
DA:13,1
DA:14,0
DA:15,0
DA:21,0
DA:23,0
DA:34,6
DA:35,6
DA:36,2
DA:37,2
DA:42,3
DA:45,3
DA:46,2
DA:49,3
DA:61,2
DA:64,2
DA:65,6
DA:67,6
DA:68,6
DA:70,6
DA:71,6
DA:93,0
DA:103,4
DA:104,4
DA:105,4
DA:106,4
DA:107,4
DA:108,4
DA:110,4
DA:112,3
DA:114,2
DA:115,2
DA:118,2
DA:119,1
DA:123,3
DA:131,2
DA:132,2
DA:133,3
DA:134,2
DA:137,2
LF:41
LH:36
BRDA:13,0,0,0
BRDA:13,0,1,1
BRDA:36,1,0,2
BRDA:36,1,1,0
BRDA:61,2,0,0
BRDA:61,2,1,2
BRDA:67,3,0,6
BRDA:67,3,1,0
BRDA:86,4,0,0
BRDA:86,4,1,6
BRDA:112,5,0,1
BRDA:112,5,1,2
BRDA:118,6,0,1
BRDA:118,6,1,1
BRDA:133,7,0,2
BRDA:133,7,1,1
BRF:16
BRH:11
end_of_record
TN:
SF:src/screens/EventsScreen.tsx
FN:18,EventsScreen
FN:25,(anonymous_1)
FN:31,(anonymous_2)
FN:33,(anonymous_3)
FN:39,(anonymous_4)
FN:44,(anonymous_5)
FN:53,(anonymous_6)
FN:62,(anonymous_7)
FN:73,(anonymous_8)
FN:80,(anonymous_9)
FN:88,(anonymous_10)
FN:92,(anonymous_11)
FN:111,(anonymous_12)
FN:116,(anonymous_13)
FN:117,(anonymous_14)
FN:118,(anonymous_15)
FN:126,SessionCard
FN:193,(anonymous_17)
FN:199,(anonymous_18)
FNF:19
FNH:0
FNDA:0,EventsScreen
FNDA:0,(anonymous_1)
FNDA:0,(anonymous_2)
FNDA:0,(anonymous_3)
FNDA:0,(anonymous_4)
FNDA:0,(anonymous_5)
FNDA:0,(anonymous_6)
FNDA:0,(anonymous_7)
FNDA:0,(anonymous_8)
FNDA:0,(anonymous_9)
FNDA:0,(anonymous_10)
FNDA:0,(anonymous_11)
FNDA:0,(anonymous_12)
FNDA:0,(anonymous_13)
FNDA:0,(anonymous_14)
FNDA:0,(anonymous_15)
FNDA:0,SessionCard
FNDA:0,(anonymous_17)
FNDA:0,(anonymous_18)
DA:19,0
DA:20,0
DA:21,0
DA:22,0
DA:23,0
DA:25,0
DA:26,0
DA:27,0
DA:28,0
DA:31,0
DA:33,0
DA:34,0
DA:35,0
DA:36,0
DA:39,0
DA:40,0
DA:41,0
DA:44,0
DA:45,0
DA:54,0
DA:55,0
DA:62,0
DA:63,0
DA:64,0
DA:67,0
DA:69,0
DA:73,0
DA:80,0
DA:88,0
DA:92,0
DA:112,0
DA:116,0
DA:117,0
DA:118,0
DA:139,0
DA:146,0
DA:153,0
DA:154,0
DA:155,0
DA:157,0
DA:193,0
DA:199,0
DA:253,0
LF:43
LH:0
BRDA:67,0,0,0
BRDA:67,0,1,0
BRDA:79,1,0,0
BRDA:79,1,1,0
BRDA:82,2,0,0
BRDA:82,2,1,0
BRDA:83,3,0,0
BRDA:83,3,1,0
BRDA:87,4,0,0
BRDA:87,4,1,0
BRDA:90,5,0,0
BRDA:90,5,1,0
BRDA:102,6,0,0
BRDA:102,6,1,0
BRDA:104,7,0,0
BRDA:104,7,1,0
BRDA:106,8,0,0
BRDA:106,8,1,0
BRDA:115,9,0,0
BRDA:115,9,1,0
BRDA:158,10,0,0
BRDA:158,10,1,0
BRDA:160,11,0,0
BRDA:160,11,1,0
BRDA:184,12,0,0
BRDA:184,12,1,0
BRDA:189,13,0,0
BRDA:189,13,1,0
BRDA:189,13,2,0
BRDA:189,13,3,0
BRDA:207,14,0,0
BRDA:207,14,1,0
BRDA:228,15,0,0
BRDA:228,15,1,0
BRF:34
BRH:0
end_of_record
TN:
SF:src/screens/GoalsScreen.tsx
FN:18,GoalsScreen
FN:26,(anonymous_1)
FN:31,(anonymous_2)
FN:41,(anonymous_3)
FN:63,(anonymous_4)
FN:77,(anonymous_5)
FN:81,(anonymous_6)
FN:102,(anonymous_7)
FN:120,(anonymous_8)
FN:134,(anonymous_9)
FN:138,(anonymous_10)
FN:159,(anonymous_11)
FNF:12
FNH:0
FNDA:0,GoalsScreen
FNDA:0,(anonymous_1)
FNDA:0,(anonymous_2)
FNDA:0,(anonymous_3)
FNDA:0,(anonymous_4)
FNDA:0,(anonymous_5)
FNDA:0,(anonymous_6)
FNDA:0,(anonymous_7)
FNDA:0,(anonymous_8)
FNDA:0,(anonymous_9)
FNDA:0,(anonymous_10)
FNDA:0,(anonymous_11)
DA:15,0
DA:16,0
DA:19,0
DA:20,0
DA:21,0
DA:22,0
DA:23,0
DA:24,0
DA:26,0
DA:27,0
DA:28,0
DA:31,0
DA:32,0
DA:33,0
DA:34,0
DA:36,0
DA:37,0
DA:38,0
DA:41,0
DA:42,0
DA:43,0
DA:44,0
DA:46,0
DA:47,0
DA:48,0
DA:51,0
DA:64,0
DA:65,0
DA:66,0
DA:78,0
DA:81,0
DA:102,0
DA:121,0
DA:122,0
DA:123,0
DA:135,0
DA:138,0
DA:159,0
DA:180,0
LF:39
LH:0
BRDA:27,0,0,0
BRDA:27,0,1,0
BRDA:28,1,0,0
BRDA:28,1,1,0
BRDA:32,2,0,0
BRDA:32,2,1,0
BRDA:32,3,0,0
BRDA:32,3,1,0
BRDA:32,3,2,0
BRDA:42,4,0,0
BRDA:42,4,1,0
BRDA:42,5,0,0
BRDA:42,5,1,0
BRDA:42,5,2,0
BRDA:69,6,0,0
BRDA:69,6,1,0
BRDA:73,7,0,0
BRDA:73,7,1,0
BRDA:80,8,0,0
BRDA:80,8,1,0
BRDA:83,9,0,0
BRDA:83,9,1,0
BRDA:126,10,0,0
BRDA:126,10,1,0
BRDA:130,11,0,0
BRDA:130,11,1,0
BRDA:137,12,0,0
BRDA:137,12,1,0
BRDA:140,13,0,0
BRDA:140,13,1,0
BRF:30
BRH:0
end_of_record
TN:
SF:src/screens/HistoryScreen.tsx
FN:21,HistoryScreen
FN:27,(anonymous_1)
FN:32,(anonymous_2)
FN:41,(anonymous_3)
FN:42,(anonymous_4)
FN:51,(anonymous_5)
FN:55,(anonymous_6)
FN:58,(anonymous_7)
FN:67,(anonymous_8)
FN:69,(anonymous_9)
FN:70,(anonymous_10)
FN:77,(anonymous_11)
FN:81,(anonymous_12)
FN:92,(anonymous_13)
FN:98,(anonymous_14)
FN:126,StatBox
FN:135,BarChart
FN:167,(anonymous_17)
FN:193,(anonymous_18)
FNF:19
FNH:0
FNDA:0,HistoryScreen
FNDA:0,(anonymous_1)
FNDA:0,(anonymous_2)
FNDA:0,(anonymous_3)
FNDA:0,(anonymous_4)
FNDA:0,(anonymous_5)
FNDA:0,(anonymous_6)
FNDA:0,(anonymous_7)
FNDA:0,(anonymous_8)
FNDA:0,(anonymous_9)
FNDA:0,(anonymous_10)
FNDA:0,(anonymous_11)
FNDA:0,(anonymous_12)
FNDA:0,(anonymous_13)
FNDA:0,(anonymous_14)
FNDA:0,StatBox
FNDA:0,BarChart
FNDA:0,(anonymous_17)
FNDA:0,(anonymous_18)
DA:16,0
DA:17,0
DA:22,0
DA:23,0
DA:24,0
DA:25,0
DA:27,0
DA:28,0
DA:29,0
DA:32,0
DA:33,0
DA:34,0
DA:35,0
DA:36,0
DA:37,0
DA:38,0
DA:40,0
DA:41,0
DA:42,0
DA:43,0
DA:45,0
DA:47,0
DA:51,0
DA:52,0
DA:55,0
DA:58,0
DA:59,0
DA:60,0
DA:61,0
DA:62,0
DA:64,0
DA:67,0
DA:68,0
DA:69,0
DA:70,0
DA:72,0
DA:78,0
DA:81,0
DA:92,0
DA:98,0
DA:127,0
DA:146,0
DA:147,0
DA:148,0
DA:149,0
DA:151,0
DA:152,0
DA:159,0
DA:168,0
DA:169,0
DA:170,0
DA:171,0
DA:173,0
DA:194,0
DA:195,0
DA:228,0
LF:56
LH:0
BRDA:28,0,0,0
BRDA:28,0,1,0
BRDA:33,1,0,0
BRDA:33,1,1,0
BRDA:52,2,0,0
BRDA:52,2,1,0
BRDA:59,3,0,0
BRDA:59,3,1,0
BRDA:68,4,0,0
BRDA:68,4,1,0
BRDA:80,5,0,0
BRDA:80,5,1,0
BRDA:83,6,0,0
BRDA:83,6,1,0
BRDA:84,7,0,0
BRDA:84,7,1,0
BRDA:97,8,0,0
BRDA:97,8,1,0
BRDA:148,9,0,0
BRDA:148,9,1,0
BRDA:151,10,0,0
BRDA:151,10,1,0
BRDA:169,11,0,0
BRDA:169,11,1,0
BRDA:181,12,0,0
BRDA:181,12,1,0
BRDA:181,13,0,0
BRDA:181,13,1,0
BRDA:194,14,0,0
BRDA:194,14,1,0
BRDA:194,14,2,0
BRDA:197,15,0,0
BRDA:197,15,1,0
BRDA:199,16,0,0
BRDA:199,16,1,0
BRF:35
BRH:0
end_of_record
TN:
SF:src/screens/HomeScreen.tsx
FN:18,HomeScreen
FN:27,(anonymous_1)
FN:35,(anonymous_2)
FN:37,(anonymous_3)
FN:46,(anonymous_4)
FN:53,(anonymous_5)
FN:70,(anonymous_6)
FN:82,(anonymous_7)
FN:118,(anonymous_8)
FN:135,WeekDots
FN:145,(anonymous_10)
FN:159,SessionRow
FNF:12
FNH:0
FNDA:0,HomeScreen
FNDA:0,(anonymous_1)
FNDA:0,(anonymous_2)
FNDA:0,(anonymous_3)
FNDA:0,(anonymous_4)
FNDA:0,(anonymous_5)
FNDA:0,(anonymous_6)
FNDA:0,(anonymous_7)
FNDA:0,(anonymous_8)
FNDA:0,WeekDots
FNDA:0,(anonymous_10)
FNDA:0,SessionRow
DA:19,0
DA:20,0
DA:21,0
DA:22,0
DA:23,0
DA:24,0
DA:25,0
DA:27,0
DA:28,0
DA:29,0
DA:30,0
DA:31,0
DA:32,0
DA:35,0
DA:37,0
DA:38,0
DA:39,0
DA:40,0
DA:43,0
DA:44,0
DA:46,0
DA:47,0
DA:48,0
DA:49,0
DA:50,0
DA:53,0
DA:54,0
DA:55,0
DA:56,0
DA:57,0
DA:60,0
DA:70,0
DA:82,0
DA:119,0
DA:136,0
DA:137,0
DA:141,0
DA:143,0
DA:146,0
DA:160,0
DA:167,0
DA:185,0
LF:42
LH:0
BRDA:30,0,0,0
BRDA:30,0,1,0
BRDA:31,1,0,0
BRDA:31,1,1,0
BRDA:48,2,0,0
BRDA:48,2,1,0
BRDA:49,3,0,0
BRDA:49,3,1,0
BRDA:54,4,0,0
BRDA:54,4,1,0
BRDA:56,5,0,0
BRDA:56,5,1,0
BRDA:115,6,0,0
BRDA:115,6,1,0
BRDA:124,7,0,0
BRDA:124,7,1,0
BRDA:149,8,0,0
BRDA:149,8,1,0
BRDA:150,9,0,0
BRDA:150,9,1,0
BRDA:152,10,0,0
BRDA:152,10,1,0
BRDA:169,11,0,0
BRDA:169,11,1,0
BRDA:176,12,0,0
BRDA:176,12,1,0
BRF:26
BRH:0
end_of_record
TN:
SF:src/screens/IntroScreen.tsx
FN:19,IntroScreen
FN:32,(anonymous_1)
FN:47,(anonymous_2)
FN:48,(anonymous_3)
FN:54,(anonymous_4)
FN:58,(anonymous_5)
FN:64,(anonymous_6)
FN:73,(anonymous_7)
FN:77,(anonymous_8)
FN:89,(anonymous_9)
FN:101,(anonymous_10)
FN:169,WelcomeStep
FN:185,HealthConnectStep
FN:215,LocationStep
FN:243,NotificationsStep
FN:271,ReadyStep
FN:277,(anonymous_16)
FN:278,(anonymous_17)
FN:314,FeatureItem
FNF:19
FNH:6
FNDA:4,IntroScreen
FNDA:0,(anonymous_1)
FNDA:4,(anonymous_2)
FNDA:0,(anonymous_3)
FNDA:4,(anonymous_4)
FNDA:4,(anonymous_5)
FNDA:0,(anonymous_6)
FNDA:0,(anonymous_7)
FNDA:0,(anonymous_8)
FNDA:0,(anonymous_9)
FNDA:0,(anonymous_10)
FNDA:4,WelcomeStep
FNDA:0,HealthConnectStep
FNDA:0,LocationStep
FNDA:0,NotificationsStep
FNDA:0,ReadyStep
FNDA:0,(anonymous_16)
FNDA:0,(anonymous_17)
FNDA:16,FeatureItem
DA:20,4
DA:21,4
DA:22,4
DA:23,4
DA:24,4
DA:26,4
DA:27,4
DA:28,4
DA:32,4
DA:34,0
DA:35,0
DA:36,0
DA:37,0
DA:38,0
DA:39,0
DA:40,0
DA:42,0
DA:43,0
DA:47,4
DA:48,4
DA:49,0
DA:50,0
DA:54,4
DA:58,4
DA:59,4
DA:60,0
DA:64,4
DA:65,0
DA:66,0
DA:67,0
DA:69,0
DA:73,4
DA:74,0
DA:77,4
DA:78,0
DA:79,0
DA:80,0
DA:81,0
DA:83,0
DA:85,0
DA:89,4
DA:90,0
DA:91,0
DA:92,0
DA:93,0
DA:95,0
DA:97,0
DA:101,4
DA:102,0
DA:103,0
DA:104,0
DA:105,0
DA:107,0
DA:109,0
DA:113,4
DA:170,4
DA:186,0
DA:216,0
DA:244,0
DA:277,0
DA:278,0
DA:280,0
DA:315,16
DA:323,1
LF:64
LH:23
BRDA:34,0,0,0
BRDA:34,0,1,0
BRDA:34,1,0,0
BRDA:34,1,1,0
BRDA:37,2,0,0
BRDA:37,2,1,0
BRDA:40,3,0,0
BRDA:40,3,1,0
BRDA:49,4,0,0
BRDA:49,4,1,0
BRDA:59,5,0,0
BRDA:59,5,1,4
BRDA:59,6,0,4
BRDA:59,6,1,4
BRDA:59,6,2,4
BRDA:66,7,0,0
BRDA:66,7,1,0
BRDA:121,8,0,4
BRDA:121,8,1,4
BRDA:122,9,0,4
BRDA:122,9,1,0
BRDA:129,10,0,4
BRDA:129,10,1,0
BRDA:136,11,0,4
BRDA:136,11,1,0
BRDA:143,12,0,4
BRDA:143,12,1,0
BRDA:154,13,0,4
BRDA:154,13,1,4
BRDA:161,14,0,0
BRDA:161,14,1,4
BRDA:195,15,0,0
BRDA:195,15,1,0
BRDA:197,16,0,0
BRDA:197,16,1,0
BRDA:199,17,0,0
BRDA:199,17,1,0
BRDA:201,18,0,0
BRDA:201,18,1,0
BRDA:205,19,0,0
BRDA:205,19,1,0
BRDA:226,20,0,0
BRDA:226,20,1,0
BRDA:228,21,0,0
BRDA:228,21,1,0
BRDA:230,22,0,0
BRDA:230,22,1,0
BRDA:234,23,0,0
BRDA:234,23,1,0
BRDA:254,24,0,0
BRDA:254,24,1,0
BRDA:256,25,0,0
BRDA:256,25,1,0
BRDA:258,26,0,0
BRDA:258,26,1,0
BRDA:262,27,0,0
BRDA:262,27,1,0
BRDA:277,28,0,0
BRDA:277,28,1,0
BRDA:278,29,0,0
BRDA:278,29,1,0
BRF:61
BRH:13
end_of_record
TN:
SF:src/screens/ScheduledNotificationsScreen.tsx
FN:24,ScheduledNotificationsScreen
FN:30,(anonymous_1)
FN:34,(anonymous_2)
FN:38,(anonymous_3)
FN:44,(anonymous_4)
FN:55,(anonymous_5)
FN:60,(anonymous_6)
FN:69,(anonymous_7)
FN:81,(anonymous_8)
FN:103,(anonymous_9)
FN:114,(anonymous_10)
FN:127,(anonymous_11)
FN:133,(anonymous_12)
FN:154,(anonymous_13)
FN:169,EditNotificationModal
FN:176,(anonymous_15)
FN:178,(anonymous_16)
FN:184,(anonymous_17)
FN:188,(anonymous_18)
FN:192,(anonymous_19)
FN:204,(anonymous_20)
FN:247,(anonymous_21)
FN:266,(anonymous_22)
FN:274,(anonymous_23)
FN:281,(anonymous_24)
FN:338,formatTime
FN:342,formatDays
FN:346,(anonymous_27)
FN:356,getDayLabel
FNF:29
FNH:8
FNDA:365,ScheduledNotificationsScreen
FNDA:364,(anonymous_1)
FNDA:364,(anonymous_2)
FNDA:0,(anonymous_3)
FNDA:0,(anonymous_4)
FNDA:0,(anonymous_5)
FNDA:0,(anonymous_6)
FNDA:0,(anonymous_7)
FNDA:0,(anonymous_8)
FNDA:250,(anonymous_9)
FNDA:0,(anonymous_10)
FNDA:0,(anonymous_11)
FNDA:0,(anonymous_12)
FNDA:0,(anonymous_13)
FNDA:0,EditNotificationModal
FNDA:0,(anonymous_15)
FNDA:0,(anonymous_16)
FNDA:0,(anonymous_17)
FNDA:0,(anonymous_18)
FNDA:0,(anonymous_19)
FNDA:0,(anonymous_20)
FNDA:0,(anonymous_21)
FNDA:0,(anonymous_22)
FNDA:0,(anonymous_23)
FNDA:0,(anonymous_24)
FNDA:250,formatTime
FNDA:250,formatDays
FNDA:450,(anonymous_27)
FNDA:700,getDayLabel
DA:22,1
DA:25,365
DA:26,365
DA:27,364
DA:28,364
DA:30,364
DA:31,364
DA:34,364
DA:35,364
DA:38,364
DA:39,0
DA:40,0
DA:41,0
DA:44,364
DA:45,0
DA:52,0
DA:55,364
DA:56,0
DA:57,0
DA:60,364
DA:61,0
DA:70,0
DA:71,0
DA:72,0
DA:73,0
DA:81,364
DA:82,0
DA:83,0
DA:85,0
DA:87,0
DA:88,0
DA:89,0
DA:92,364
DA:104,250
DA:115,0
DA:127,0
DA:133,0
DA:154,0
DA:170,0
DA:171,0
DA:172,0
DA:173,0
DA:174,0
DA:176,0
DA:177,0
DA:178,0
DA:180,0
DA:184,0
DA:185,0
DA:188,0
DA:189,0
DA:192,0
DA:194,0
DA:195,0
DA:198,0
DA:199,0
DA:200,0
DA:204,0
DA:205,0
DA:206,0
DA:207,0
DA:210,0
DA:211,0
DA:221,0
DA:222,0
DA:224,0
DA:247,0
DA:266,0
DA:275,0
DA:281,0
DA:339,250
DA:343,250
DA:344,250
DA:346,250
DA:348,450
DA:349,450
DA:350,450
DA:353,250
DA:357,700
DA:358,700
DA:361,1
LF:81
LH:27
BRDA:70,0,0,0
BRDA:70,0,1,0
BRDA:82,1,0,0
BRDA:82,1,1,0
BRDA:95,2,0,364
BRDA:95,2,1,164
BRDA:110,3,0,250
BRDA:110,3,1,250
BRDA:115,4,0,0
BRDA:115,4,1,0
BRDA:118,5,0,250
BRDA:118,5,1,0
BRDA:150,6,0,364
BRDA:150,6,1,0
BRDA:173,7,0,0
BRDA:173,7,1,0
BRDA:177,8,0,0
BRDA:177,8,1,0
BRDA:194,9,0,0
BRDA:194,9,1,0
BRDA:198,10,0,0
BRDA:198,10,1,0
BRDA:205,11,0,0
BRDA:205,11,1,0
BRDA:216,12,0,0
BRDA:216,12,1,0
BRDA:235,13,0,0
BRDA:235,13,1,0
BRDA:252,14,0,0
BRDA:252,14,1,0
BRDA:257,15,0,0
BRDA:257,15,1,0
BRDA:263,16,0,0
BRDA:263,16,1,0
BRDA:263,16,2,0
BRDA:279,17,0,0
BRDA:279,17,1,0
BRDA:285,18,0,0
BRDA:285,18,1,0
BRDA:343,19,0,0
BRDA:343,19,1,250
BRDA:344,20,0,0
BRDA:344,20,1,250
BRDA:348,21,0,50
BRDA:348,21,1,400
BRDA:349,22,0,0
BRDA:349,22,1,450
BRF:47
BRH:11
end_of_record
TN:
SF:src/screens/SettingsScreen.tsx
FN:23,SettingsScreen
FN:36,(anonymous_1)
FN:47,(anonymous_2)
FN:68,(anonymous_3)
FN:76,(anonymous_4)
FN:81,(anonymous_5)
FN:84,(anonymous_6)
FN:104,(anonymous_7)
FN:119,(anonymous_8)
FN:140,(anonymous_9)
FN:145,(anonymous_10)
FN:155,(anonymous_11)
FN:164,(anonymous_12)
FN:185,(anonymous_13)
FN:201,(anonymous_14)
FN:216,(anonymous_15)
FN:230,(anonymous_16)
FN:231,(anonymous_17)
FN:264,(anonymous_18)
FN:277,(anonymous_19)
FN:304,(anonymous_20)
FN:343,(anonymous_21)
FN:360,(anonymous_22)
FN:365,(anonymous_23)
FN:402,SettingRow
FN:422,Divider
FN:426,StatusDot
FN:432,DetectionSettingRow
FNF:28
FNH:0
FNDA:0,SettingsScreen
FNDA:0,(anonymous_1)
FNDA:0,(anonymous_2)
FNDA:0,(anonymous_3)
FNDA:0,(anonymous_4)
FNDA:0,(anonymous_5)
FNDA:0,(anonymous_6)
FNDA:0,(anonymous_7)
FNDA:0,(anonymous_8)
FNDA:0,(anonymous_9)
FNDA:0,(anonymous_10)
FNDA:0,(anonymous_11)
FNDA:0,(anonymous_12)
FNDA:0,(anonymous_13)
FNDA:0,(anonymous_14)
FNDA:0,(anonymous_15)
FNDA:0,(anonymous_16)
FNDA:0,(anonymous_17)
FNDA:0,(anonymous_18)
FNDA:0,(anonymous_19)
FNDA:0,(anonymous_20)
FNDA:0,(anonymous_21)
FNDA:0,(anonymous_22)
FNDA:0,(anonymous_23)
FNDA:0,SettingRow
FNDA:0,Divider
FNDA:0,StatusDot
FNDA:0,DetectionSettingRow
DA:18,0
DA:24,0
DA:25,0
DA:26,0
DA:27,0
DA:28,0
DA:29,0
DA:30,0
DA:31,0
DA:34,0
DA:36,0
DA:37,0
DA:38,0
DA:39,0
DA:40,0
DA:43,0
DA:47,0
DA:49,0
DA:50,0
DA:52,0
DA:53,0
DA:56,0
DA:57,0
DA:60,0
DA:61,0
DA:68,0
DA:69,0
DA:73,0
DA:76,0
DA:77,0
DA:78,0
DA:81,0
DA:84,0
DA:85,0
DA:87,0
DA:89,0
DA:91,0
DA:93,0
DA:94,0
DA:98,0
DA:104,0
DA:105,0
DA:110,0
DA:111,0
DA:112,0
DA:119,0
DA:120,0
DA:123,0
DA:125,0
DA:126,0
DA:132,0
DA:133,0
DA:140,0
DA:141,0
DA:142,0
DA:145,0
DA:146,0
DA:147,0
DA:148,0
DA:149,0
DA:155,0
DA:156,0
DA:165,0
DA:166,0
DA:167,0
DA:168,0
DA:173,0
DA:174,0
DA:185,0
DA:186,0
DA:187,0
DA:188,0
DA:189,0
DA:190,0
DA:193,0
DA:194,0
DA:201,0
DA:202,0
DA:203,0
DA:204,0
DA:205,0
DA:216,0
DA:217,0
DA:218,0
DA:221,0
DA:230,0
DA:232,0
DA:233,0
DA:265,0
DA:277,0
DA:304,0
DA:343,0
DA:361,0
DA:365,0
DA:410,0
DA:423,0
DA:427,0
DA:445,0
DA:465,0
LF:99
LH:0
BRDA:60,0,0,0
BRDA:60,0,1,0
BRDA:60,1,0,0
BRDA:60,1,1,0
BRDA:77,2,0,0
BRDA:77,2,1,0
BRDA:91,3,0,0
BRDA:91,3,1,0
BRDA:125,4,0,0
BRDA:125,4,1,0
BRDA:141,5,0,0
BRDA:141,5,1,0
BRDA:187,6,0,0
BRDA:187,6,1,0
BRDA:189,7,0,0
BRDA:189,7,1,0
BRDA:204,8,0,0
BRDA:204,8,1,0
BRDA:217,9,0,0
BRDA:217,9,1,0
BRDA:246,10,0,0
BRDA:246,10,1,0
BRDA:261,11,0,0
BRDA:261,11,1,0
BRDA:266,12,0,0
BRDA:266,12,1,0
BRDA:268,13,0,0
BRDA:268,13,1,0
BRDA:268,14,0,0
BRDA:268,14,1,0
BRDA:272,15,0,0
BRDA:272,15,1,0
BRDA:298,16,0,0
BRDA:298,16,1,0
BRDA:335,17,0,0
BRDA:335,17,1,0
BRDA:339,18,0,0
BRDA:339,18,1,0
BRDA:362,19,0,0
BRDA:362,19,1,0
BRDA:368,20,0,0
BRDA:368,20,1,0
BRDA:415,21,0,0
BRDA:415,21,1,0
BRDA:417,22,0,0
BRDA:417,22,1,0
BRDA:428,23,0,0
BRDA:428,23,1,0
BRDA:447,24,0,0
BRDA:447,24,1,0
BRDA:448,25,0,0
BRDA:448,25,1,0
BRDA:458,26,0,0
BRDA:458,26,1,0
BRF:54
BRH:0
end_of_record
TN:
SF:src/screens/WeatherSettingsScreen.tsx
FN:13,WeatherSettingsScreen
FN:22,(anonymous_1)
FN:23,(anonymous_2)
FN:28,(anonymous_3)
FN:37,(anonymous_4)
FN:48,(anonymous_5)
FN:65,(anonymous_6)
FN:69,(anonymous_7)
FN:74,(anonymous_8)
FN:79,(anonymous_9)
FN:84,(anonymous_10)
FN:89,(anonymous_11)
FN:120,(anonymous_12)
FN:127,(anonymous_13)
FN:202,SettingRow
FN:222,Divider
FNF:16
FNH:0
FNDA:0,WeatherSettingsScreen
FNDA:0,(anonymous_1)
FNDA:0,(anonymous_2)
FNDA:0,(anonymous_3)
FNDA:0,(anonymous_4)
FNDA:0,(anonymous_5)
FNDA:0,(anonymous_6)
FNDA:0,(anonymous_7)
FNDA:0,(anonymous_8)
FNDA:0,(anonymous_9)
FNDA:0,(anonymous_10)
FNDA:0,(anonymous_11)
FNDA:0,(anonymous_12)
FNDA:0,(anonymous_13)
FNDA:0,SettingRow
FNDA:0,Divider
DA:14,0
DA:15,0
DA:16,0
DA:17,0
DA:18,0
DA:19,0
DA:20,0
DA:22,0
DA:23,0
DA:24,0
DA:28,0
DA:29,0
DA:30,0
DA:31,0
DA:32,0
DA:35,0
DA:37,0
DA:38,0
DA:39,0
DA:40,0
DA:41,0
DA:42,0
DA:43,0
DA:44,0
DA:45,0
DA:49,0
DA:53,0
DA:54,0
DA:55,0
DA:56,0
DA:57,0
DA:58,0
DA:60,0
DA:65,0
DA:66,0
DA:69,0
DA:70,0
DA:71,0
DA:74,0
DA:75,0
DA:76,0
DA:79,0
DA:80,0
DA:81,0
DA:84,0
DA:85,0
DA:86,0
DA:89,0
DA:90,0
DA:91,0
DA:92,0
DA:93,0
DA:94,0
DA:95,0
DA:96,0
DA:97,0
DA:98,0
DA:99,0
DA:102,0
DA:105,0
DA:106,0
DA:108,0
DA:112,0
DA:121,0
DA:127,0
DA:210,0
DA:223,0
DA:226,0
LF:68
LH:0
BRDA:35,0,0,0
BRDA:35,0,1,0
BRDA:38,1,0,0
BRDA:38,1,1,0
BRDA:39,2,0,0
BRDA:39,2,1,0
BRDA:42,3,0,0
BRDA:42,3,1,0
BRDA:55,4,0,0
BRDA:55,4,1,0
BRDA:75,5,0,0
BRDA:75,5,1,0
BRDA:80,6,0,0
BRDA:80,6,1,0
BRDA:85,7,0,0
BRDA:85,7,1,0
BRDA:93,8,0,0
BRDA:93,8,1,0
BRDA:96,9,0,0
BRDA:96,9,1,0
BRDA:102,10,0,0
BRDA:102,10,1,0
BRDA:125,11,0,0
BRDA:125,11,1,0
BRDA:132,12,0,0
BRDA:132,12,1,0
BRDA:149,13,0,0
BRDA:149,13,1,0
BRDA:162,14,0,0
BRDA:162,14,1,0
BRDA:175,15,0,0
BRDA:175,15,1,0
BRDA:183,16,0,0
BRDA:183,16,1,0
BRDA:185,17,0,0
BRDA:185,17,1,0
BRDA:215,18,0,0
BRDA:215,18,1,0
BRDA:217,19,0,0
BRDA:217,19,1,0
BRF:40
BRH:0
end_of_record
TN:
SF:src/storage/database.ts
FN:55,initDatabase
FN:152,insertSession
FN:169,getSessionsForDay
FN:178,getSessionsForRange
FN:185,deleteSession
FN:189,getTodayMinutes
FN:201,getWeekMinutes
FN:213,getDailyTotalsForMonth
FN:225,(anonymous_8)
FN:228,confirmSession
FN:235,getUnreviewedSessions
FN:243,getCurrentDailyGoal
FN:249,getCurrentWeeklyGoal
FN:255,setDailyGoal
FN:262,setWeeklyGoal
FN:271,insertReminderFeedback
FN:280,getReminderFeedback
FN:288,getKnownLocations
FN:292,upsertKnownLocation
FN:306,deleteKnownLocation
FN:312,getSetting
FN:319,setSetting
FN:328,clearAllData
FN:357,startOfDay
FN:362,startOfWeek
FN:369,startOfMonth
FN:374,startOfNextMonth
FN:381,saveWeatherConditions
FN:404,getWeatherConditionsForHour
FN:416,(anonymous_29)
FN:431,saveWeatherCache
FN:439,getWeatherCache
FN:445,clearExpiredWeatherData
FN:453,getScheduledNotifications
FN:455,(anonymous_34)
FN:460,(anonymous_35)
FN:460,(anonymous_36)
FN:467,insertScheduledNotification
FN:482,updateScheduledNotification
FN:497,deleteScheduledNotification
FN:501,toggleScheduledNotification
FNF:41
FNH:4
FNDA:0,initDatabase
FNDA:0,insertSession
FNDA:0,getSessionsForDay
FNDA:0,getSessionsForRange
FNDA:0,deleteSession
FNDA:0,getTodayMinutes
FNDA:0,getWeekMinutes
FNDA:0,getDailyTotalsForMonth
FNDA:0,(anonymous_8)
FNDA:0,confirmSession
FNDA:0,getUnreviewedSessions
FNDA:0,getCurrentDailyGoal
FNDA:0,getCurrentWeeklyGoal
FNDA:0,setDailyGoal
FNDA:0,setWeeklyGoal
FNDA:0,insertReminderFeedback
FNDA:0,getReminderFeedback
FNDA:0,getKnownLocations
FNDA:0,upsertKnownLocation
FNDA:0,deleteKnownLocation
FNDA:0,getSetting
FNDA:0,setSetting
FNDA:0,clearAllData
FNDA:1,startOfDay
FNDA:2,startOfWeek
FNDA:1,startOfMonth
FNDA:2,startOfNextMonth
FNDA:0,saveWeatherConditions
FNDA:0,getWeatherConditionsForHour
FNDA:0,(anonymous_29)
FNDA:0,saveWeatherCache
FNDA:0,getWeatherCache
FNDA:0,clearExpiredWeatherData
FNDA:0,getScheduledNotifications
FNDA:0,(anonymous_34)
FNDA:0,(anonymous_35)
FNDA:0,(anonymous_36)
FNDA:0,insertScheduledNotification
FNDA:0,updateScheduledNotification
FNDA:0,deleteScheduledNotification
FNDA:0,toggleScheduledNotification
DA:4,3
DA:56,0
DA:135,0
DA:138,0
DA:139,0
DA:143,0
DA:153,0
DA:166,0
DA:170,0
DA:171,0
DA:172,0
DA:179,0
DA:186,0
DA:190,0
DA:191,0
DA:192,0
DA:198,0
DA:202,0
DA:203,0
DA:204,0
DA:210,0
DA:214,0
DA:215,0
DA:216,0
DA:225,0
DA:229,0
DA:236,0
DA:244,0
DA:250,0
DA:256,0
DA:263,0
DA:272,0
DA:273,0
DA:281,0
DA:289,0
DA:293,0
DA:294,0
DA:299,0
DA:307,0
DA:313,0
DA:316,0
DA:320,0
DA:329,0
DA:332,0
DA:335,0
DA:338,0
DA:339,0
DA:340,0
DA:344,0
DA:350,0
DA:352,0
DA:358,1
DA:359,1
DA:363,2
DA:364,2
DA:365,2
DA:366,2
DA:370,1
DA:371,1
DA:375,2
DA:376,2
DA:382,0
DA:383,0
DA:409,0
DA:416,0
DA:432,0
DA:440,0
DA:447,0
DA:448,0
DA:454,0
DA:455,0
DA:460,0
DA:468,0
DA:479,0
DA:483,0
DA:484,0
DA:498,0
DA:502,0
LF:78
LH:11
BRDA:138,0,0,0
BRDA:138,0,1,0
BRDA:162,1,0,0
BRDA:162,1,1,0
BRDA:162,2,0,0
BRDA:162,2,1,0
BRDA:163,3,0,0
BRDA:163,3,1,0
BRDA:198,4,0,0
BRDA:198,4,1,0
BRDA:210,5,0,0
BRDA:210,5,1,0
BRDA:231,6,0,0
BRDA:231,6,1,0
BRDA:231,7,0,0
BRDA:231,7,1,0
BRDA:293,8,0,0
BRDA:293,8,1,0
BRDA:296,9,0,0
BRDA:296,9,1,0
BRDA:301,10,0,0
BRDA:301,10,1,0
BRDA:316,11,0,0
BRDA:316,11,1,0
BRDA:398,12,0,0
BRDA:398,12,1,0
BRDA:459,13,0,0
BRDA:459,13,1,0
BRDA:476,14,0,0
BRDA:476,14,1,0
BRDA:483,15,0,0
BRDA:483,15,1,0
BRDA:491,16,0,0
BRDA:491,16,1,0
BRDA:502,17,0,0
BRDA:502,17,1,0
BRF:36
BRH:0
end_of_record
TN:
SF:src/utils/helpers.ts
FN:2,formatMinutes
FN:10,formatTime
FN:15,formatDate
FNF:3
FNH:3
FNDA:13,formatMinutes
FNDA:1,formatTime
FNDA:1,formatDate
DA:3,13
DA:4,7
DA:5,7
DA:6,7
DA:11,1
DA:16,1
LF:6
LH:6
BRDA:3,0,0,6
BRDA:3,0,1,7
BRDA:6,1,0,4
BRDA:6,1,1,3
BRF:4
BRH:4
end_of_record
TN:
SF:src/utils/theme.ts
FN:74,progressColor
FNF:1
FNH:0
FNDA:0,progressColor
DA:1,3
DA:33,3
DA:40,3
DA:49,3
DA:56,3
DA:75,0
DA:76,0
DA:77,0
DA:78,0
LF:9
LH:5
BRDA:75,0,0,0
BRDA:75,0,1,0
BRDA:76,1,0,0
BRDA:76,1,1,0
BRDA:77,2,0,0
BRDA:77,2,1,0
BRF:6
BRH:0
end_of_record
TN:
SF:src/weather/types.ts
FNF:0
FNH:0
DA:45,0
LF:1
LH:0
BRF:0
BRH:0
end_of_record
TN:
SF:src/weather/weatherAlgorithm.ts
FN:14,scoreWeatherCondition
FN:159,getWeatherPreferences
FN:172,getWeatherDescription
FN:193,getWeatherEmoji
FNF:4
FNH:0
FNDA:0,scoreWeatherCondition
FNDA:0,getWeatherPreferences
FNDA:0,getWeatherDescription
FNDA:0,getWeatherEmoji
DA:18,0
DA:20,0
DA:21,0
DA:24,0
DA:25,0
DA:28,0
DA:29,0
DA:30,0
DA:31,0
DA:32,0
DA:33,0
DA:34,0
DA:35,0
DA:36,0
DA:37,0
DA:39,0
DA:40,0
DA:45,0
DA:46,0
DA:51,0
DA:52,0
DA:53,0
DA:58,0
DA:59,0
DA:63,0
DA:65,0
DA:67,0
DA:68,0
DA:69,0
DA:70,0
DA:71,0
DA:72,0
DA:73,0
DA:75,0
DA:76,0
DA:77,0
DA:78,0
DA:80,0
DA:82,0
DA:83,0
DA:84,0
DA:85,0
DA:86,0
DA:87,0
DA:88,0
DA:90,0
DA:91,0
DA:92,0
DA:93,0
DA:94,0
DA:98,0
DA:99,0
DA:100,0
DA:101,0
DA:102,0
DA:103,0
DA:104,0
DA:105,0
DA:106,0
DA:107,0
DA:108,0
DA:109,0
DA:114,0
DA:115,0
DA:116,0
DA:117,0
DA:118,0
DA:119,0
DA:123,0
DA:124,0
DA:125,0
DA:126,0
DA:127,0
DA:128,0
DA:132,0
DA:133,0
DA:134,0
DA:135,0
DA:136,0
DA:137,0
DA:141,0
DA:149,0
DA:150,0
DA:153,0
DA:160,0
DA:173,0
DA:175,0
DA:176,0
DA:177,0
DA:178,0
DA:179,0
DA:180,0
DA:181,0
DA:182,0
DA:183,0
DA:184,0
DA:185,0
DA:187,0
DA:194,0
DA:196,0
DA:197,0
DA:198,0
DA:199,0
DA:200,0
DA:201,0
DA:202,0
DA:203,0
DA:204,0
DA:205,0
DA:206,0
DA:208,0
LF:111
LH:0
BRDA:18,0,0,0
BRDA:18,0,1,0
BRDA:20,1,0,0
BRDA:20,1,1,0
BRDA:28,2,0,0
BRDA:28,2,1,0
BRDA:29,3,0,0
BRDA:29,3,1,0
BRDA:32,4,0,0
BRDA:32,4,1,0
BRDA:35,5,0,0
BRDA:35,5,1,0
BRDA:46,6,0,0
BRDA:46,6,1,0
BRDA:47,7,0,0
BRDA:47,7,1,0
BRDA:47,7,2,0
BRDA:53,8,0,0
BRDA:53,8,1,0
BRDA:54,9,0,0
BRDA:54,9,1,0
BRDA:54,9,2,0
BRDA:65,10,0,0
BRDA:65,10,1,0
BRDA:67,11,0,0
BRDA:67,11,1,0
BRDA:67,12,0,0
BRDA:67,12,1,0
BRDA:70,13,0,0
BRDA:70,13,1,0
BRDA:70,14,0,0
BRDA:70,14,1,0
BRDA:73,15,0,0
BRDA:73,15,1,0
BRDA:73,16,0,0
BRDA:73,16,1,0
BRDA:76,17,0,0
BRDA:76,17,1,0
BRDA:80,18,0,0
BRDA:80,18,1,0
BRDA:82,19,0,0
BRDA:82,19,1,0
BRDA:82,20,0,0
BRDA:82,20,1,0
BRDA:85,21,0,0
BRDA:85,21,1,0
BRDA:85,22,0,0
BRDA:85,22,1,0
BRDA:88,23,0,0
BRDA:88,23,1,0
BRDA:88,24,0,0
BRDA:88,24,1,0
BRDA:92,25,0,0
BRDA:92,25,1,0
BRDA:98,26,0,0
BRDA:98,26,1,0
BRDA:98,27,0,0
BRDA:98,27,1,0
BRDA:101,28,0,0
BRDA:101,28,1,0
BRDA:101,29,0,0
BRDA:101,29,1,0
BRDA:104,30,0,0
BRDA:104,30,1,0
BRDA:104,31,0,0
BRDA:104,31,1,0
BRDA:107,32,0,0
BRDA:107,32,1,0
BRDA:107,33,0,0
BRDA:107,33,1,0
BRDA:114,34,0,0
BRDA:114,34,1,0
BRDA:114,35,0,0
BRDA:114,35,1,0
BRDA:114,35,2,0
BRDA:117,36,0,0
BRDA:117,36,1,0
BRDA:117,37,0,0
BRDA:117,37,1,0
BRDA:117,37,2,0
BRDA:123,38,0,0
BRDA:123,38,1,0
BRDA:123,39,0,0
BRDA:123,39,1,0
BRDA:126,40,0,0
BRDA:126,40,1,0
BRDA:126,41,0,0
BRDA:126,41,1,0
BRDA:126,41,2,0
BRDA:132,42,0,0
BRDA:132,42,1,0
BRDA:135,43,0,0
BRDA:135,43,1,0
BRDA:141,44,0,0
BRDA:141,44,1,0
BRDA:142,45,0,0
BRDA:142,45,1,0
BRDA:142,45,2,0
BRDA:142,45,3,0
BRDA:142,45,4,0
BRDA:142,45,5,0
BRDA:142,45,6,0
BRDA:175,46,0,0
BRDA:175,46,1,0
BRDA:176,47,0,0
BRDA:176,47,1,0
BRDA:177,48,0,0
BRDA:177,48,1,0
BRDA:178,49,0,0
BRDA:178,49,1,0
BRDA:179,50,0,0
BRDA:179,50,1,0
BRDA:180,51,0,0
BRDA:180,51,1,0
BRDA:180,52,0,0
BRDA:180,52,1,0
BRDA:181,53,0,0
BRDA:181,53,1,0
BRDA:181,54,0,0
BRDA:181,54,1,0
BRDA:182,55,0,0
BRDA:182,55,1,0
BRDA:182,56,0,0
BRDA:182,56,1,0
BRDA:183,57,0,0
BRDA:183,57,1,0
BRDA:183,58,0,0
BRDA:183,58,1,0
BRDA:184,59,0,0
BRDA:184,59,1,0
BRDA:185,60,0,0
BRDA:185,60,1,0
BRDA:196,61,0,0
BRDA:196,61,1,0
BRDA:196,62,0,0
BRDA:196,62,1,0
BRDA:197,63,0,0
BRDA:197,63,1,0
BRDA:197,64,0,0
BRDA:197,64,1,0
BRDA:198,65,0,0
BRDA:198,65,1,0
BRDA:199,66,0,0
BRDA:199,66,1,0
BRDA:200,67,0,0
BRDA:200,67,1,0
BRDA:201,68,0,0
BRDA:201,68,1,0
BRDA:201,69,0,0
BRDA:201,69,1,0
BRDA:202,70,0,0
BRDA:202,70,1,0
BRDA:202,71,0,0
BRDA:202,71,1,0
BRDA:203,72,0,0
BRDA:203,72,1,0
BRDA:203,73,0,0
BRDA:203,73,1,0
BRDA:204,74,0,0
BRDA:204,74,1,0
BRDA:204,75,0,0
BRDA:204,75,1,0
BRDA:205,76,0,0
BRDA:205,76,1,0
BRDA:206,77,0,0
BRDA:206,77,1,0
BRF:166
BRH:0
end_of_record
TN:
SF:src/weather/weatherBackgroundTask.ts
FN:17,(anonymous_0)
FN:46,registerWeatherBackgroundFetch
FN:68,unregisterWeatherBackgroundFetch
FNF:3
FNH:0
FNDA:0,(anonymous_0)
FNDA:0,registerWeatherBackgroundFetch
FNDA:0,unregisterWeatherBackgroundFetch
DA:11,0
DA:17,0
DA:18,0
DA:21,0
DA:22,0
DA:23,0
DA:27,0
DA:29,0
DA:30,0
DA:31,0
DA:33,0
DA:34,0
DA:37,0
DA:38,0
DA:47,0
DA:49,0
DA:51,0
DA:52,0
DA:57,0
DA:60,0
DA:69,0
DA:70,0
DA:72,0
DA:73,0
DA:74,0
DA:77,0
LF:26
LH:0
BRDA:22,0,0,0
BRDA:22,0,1,0
BRDA:29,1,0,0
BRDA:29,1,1,0
BRDA:51,2,0,0
BRDA:51,2,1,0
BRDA:72,3,0,0
BRDA:72,3,1,0
BRF:8
BRH:0
end_of_record
TN:
SF:src/weather/weatherService.ts
FN:31,fetchWeatherForecast
FN:116,getWeatherForHour
FN:127,isWeatherDataAvailable
FN:144,parseWeatherData
FN:176,getStartOfDay
FNF:5
FNH:0
FNDA:0,fetchWeatherForecast
FNDA:0,getWeatherForHour
FNDA:0,isWeatherDataAvailable
FNDA:0,parseWeatherData
FNDA:0,getStartOfDay
DA:17,0
DA:18,0
DA:19,0
DA:32,0
DA:34,0
DA:35,0
DA:37,0
DA:39,0
DA:40,0
DA:42,0
DA:43,0
DA:48,0
DA:49,0
DA:50,0
DA:53,0
DA:57,0
DA:60,0
DA:76,0
DA:78,0
DA:79,0
DA:82,0
DA:85,0
DA:87,0
DA:89,0
DA:92,0
DA:95,0
DA:102,0
DA:105,0
DA:107,0
DA:108,0
DA:117,0
DA:118,0
DA:119,0
DA:121,0
DA:128,0
DA:129,0
DA:131,0
DA:132,0
DA:136,0
DA:137,0
DA:139,0
DA:145,0
DA:147,0
DA:148,0
DA:151,0
DA:152,0
DA:154,0
DA:155,0
DA:156,0
DA:157,0
DA:159,0
DA:173,0
DA:177,0
DA:178,0
DA:179,0
LF:55
LH:0
BRDA:37,0,0,0
BRDA:37,0,1,0
BRDA:37,1,0,0
BRDA:37,1,1,0
BRDA:42,2,0,0
BRDA:42,2,1,0
BRDA:49,3,0,0
BRDA:49,3,1,0
BRDA:78,4,0,0
BRDA:78,4,1,0
BRDA:87,5,0,0
BRDA:87,5,1,0
BRDA:108,6,0,0
BRDA:108,6,1,0
BRDA:121,7,0,0
BRDA:121,7,1,0
BRDA:131,8,0,0
BRDA:131,8,1,0
BRDA:131,9,0,0
BRDA:131,9,1,0
BRDA:147,10,0,0
BRDA:147,10,1,0
BRDA:147,11,0,0
BRDA:147,11,1,0
BRDA:163,12,0,0
BRDA:163,12,1,0
BRDA:164,13,0,0
BRDA:164,13,1,0
BRDA:165,14,0,0
BRDA:165,14,1,0
BRDA:166,15,0,0
BRDA:166,15,1,0
BRDA:167,16,0,0
BRDA:167,16,1,0
BRDA:168,17,0,0
BRDA:168,17,1,0
BRF:36
BRH:0
end_of_record
